t=2024-05-27T15:51:23-0500 lvl=info msg="Starting Grafana" logger=server version=7.5.0 commit=b144fb1a9f branch=HEAD compiled=2021-03-25T05:13:32-0500
t=2024-05-27T15:51:23-0500 lvl=info msg="Config loaded from" logger=settings file=C:\\Users\\Santi\\Desktop\\ProyectoTIC\\ProyectoTI1\\grafana\\grafana-7.5.0/conf/defaults.ini
t=2024-05-27T15:51:23-0500 lvl=info msg="Path Home" logger=settings path=C:\\Users\\Santi\\Desktop\\ProyectoTIC\\ProyectoTI1\\grafana\\grafana-7.5.0
t=2024-05-27T15:51:23-0500 lvl=info msg="Path Data" logger=settings path=C:\\Users\\Santi\\Desktop\\ProyectoTIC\\ProyectoTI1\\grafana\\grafana-7.5.0\\data
t=2024-05-27T15:51:23-0500 lvl=info msg="Path Logs" logger=settings path=C:\\Users\\Santi\\Desktop\\ProyectoTIC\\ProyectoTI1\\grafana\\grafana-7.5.0\\data\\log
t=2024-05-27T15:51:23-0500 lvl=info msg="Path Plugins" logger=settings path=C:\\Users\\Santi\\Desktop\\ProyectoTIC\\ProyectoTI1\\grafana\\grafana-7.5.0\\data\\plugins
t=2024-05-27T15:51:23-0500 lvl=info msg="Path Provisioning" logger=settings path=C:\\Users\\Santi\\Desktop\\ProyectoTIC\\ProyectoTI1\\grafana\\grafana-7.5.0\\conf\\provisioning
t=2024-05-27T15:51:23-0500 lvl=info msg="App mode production" logger=settings
t=2024-05-27T15:51:23-0500 lvl=info msg="Connecting to DB" logger=sqlstore dbtype=sqlite3
t=2024-05-27T15:51:23-0500 lvl=info msg="Creating SQLite database file" logger=sqlstore path=C:\\Users\\Santi\\Desktop\\ProyectoTIC\\ProyectoTI1\\grafana\\grafana-7.5.0\\data\\grafana.db
t=2024-05-27T15:51:23-0500 lvl=info msg="Starting DB migrations" logger=migrator
t=2024-05-27T15:51:23-0500 lvl=info msg="Executing migration" logger=migrator id="create migration_log table"
t=2024-05-27T15:51:23-0500 lvl=info msg="Executing migration" logger=migrator id="create user table"
t=2024-05-27T15:51:23-0500 lvl=info msg="Executing migration" logger=migrator id="add unique index user.login"
t=2024-05-27T15:51:23-0500 lvl=info msg="Executing migration" logger=migrator id="add unique index user.email"
t=2024-05-27T15:51:23-0500 lvl=info msg="Executing migration" logger=migrator id="drop index UQE_user_login - v1"
t=2024-05-27T15:51:23-0500 lvl=info msg="Executing migration" logger=migrator id="drop index UQE_user_email - v1"
t=2024-05-27T15:51:23-0500 lvl=info msg="Executing migration" logger=migrator id="Rename table user to user_v1 - v1"
t=2024-05-27T15:51:23-0500 lvl=info msg="Executing migration" logger=migrator id="create user table v2"
t=2024-05-27T15:51:23-0500 lvl=info msg="Executing migration" logger=migrator id="create index UQE_user_login - v2"
t=2024-05-27T15:51:23-0500 lvl=info msg="Executing migration" logger=migrator id="create index UQE_user_email - v2"
t=2024-05-27T15:51:23-0500 lvl=info msg="Executing migration" logger=migrator id="copy data_source v1 to v2"
t=2024-05-27T15:51:23-0500 lvl=info msg="Executing migration" logger=migrator id="Drop old table user_v1"
t=2024-05-27T15:51:23-0500 lvl=info msg="Executing migration" logger=migrator id="Add column help_flags1 to user table"
t=2024-05-27T15:51:23-0500 lvl=info msg="Executing migration" logger=migrator id="Update user table charset"
t=2024-05-27T15:51:23-0500 lvl=info msg="Executing migration" logger=migrator id="Add last_seen_at column to user"
t=2024-05-27T15:51:23-0500 lvl=info msg="Executing migration" logger=migrator id="Add missing user data"
t=2024-05-27T15:51:23-0500 lvl=info msg="Executing migration" logger=migrator id="Add is_disabled column to user"
t=2024-05-27T15:51:23-0500 lvl=info msg="Executing migration" logger=migrator id="Add index user.login/user.email"
t=2024-05-27T15:51:23-0500 lvl=info msg="Executing migration" logger=migrator id="create temp user table v1-7"
t=2024-05-27T15:51:23-0500 lvl=info msg="Executing migration" logger=migrator id="create index IDX_temp_user_email - v1-7"
t=2024-05-27T15:51:23-0500 lvl=info msg="Executing migration" logger=migrator id="create index IDX_temp_user_org_id - v1-7"
t=2024-05-27T15:51:23-0500 lvl=info msg="Executing migration" logger=migrator id="create index IDX_temp_user_code - v1-7"
t=2024-05-27T15:51:23-0500 lvl=info msg="Executing migration" logger=migrator id="create index IDX_temp_user_status - v1-7"
t=2024-05-27T15:51:23-0500 lvl=info msg="Executing migration" logger=migrator id="Update temp_user table charset"
t=2024-05-27T15:51:23-0500 lvl=info msg="Executing migration" logger=migrator id="drop index IDX_temp_user_email - v1"
t=2024-05-27T15:51:23-0500 lvl=info msg="Executing migration" logger=migrator id="drop index IDX_temp_user_org_id - v1"
t=2024-05-27T15:51:23-0500 lvl=info msg="Executing migration" logger=migrator id="drop index IDX_temp_user_code - v1"
t=2024-05-27T15:51:23-0500 lvl=info msg="Executing migration" logger=migrator id="drop index IDX_temp_user_status - v1"
t=2024-05-27T15:51:23-0500 lvl=info msg="Executing migration" logger=migrator id="Rename table temp_user to temp_user_tmp_qwerty - v1"
t=2024-05-27T15:51:23-0500 lvl=info msg="Executing migration" logger=migrator id="create temp_user v2"
t=2024-05-27T15:51:23-0500 lvl=info msg="Executing migration" logger=migrator id="create index IDX_temp_user_email - v2"
t=2024-05-27T15:51:23-0500 lvl=info msg="Executing migration" logger=migrator id="create index IDX_temp_user_org_id - v2"
t=2024-05-27T15:51:23-0500 lvl=info msg="Executing migration" logger=migrator id="create index IDX_temp_user_code - v2"
t=2024-05-27T15:51:23-0500 lvl=info msg="Executing migration" logger=migrator id="create index IDX_temp_user_status - v2"
t=2024-05-27T15:51:23-0500 lvl=info msg="Executing migration" logger=migrator id="copy temp_user v1 to v2"
t=2024-05-27T15:51:23-0500 lvl=info msg="Executing migration" logger=migrator id="drop temp_user_tmp_qwerty"
t=2024-05-27T15:51:23-0500 lvl=info msg="Executing migration" logger=migrator id="Set created for temp users that will otherwise prematurely expire"
t=2024-05-27T15:51:23-0500 lvl=info msg="Executing migration" logger=migrator id="create star table"
t=2024-05-27T15:51:23-0500 lvl=info msg="Executing migration" logger=migrator id="add unique index star.user_id_dashboard_id"
t=2024-05-27T15:51:23-0500 lvl=info msg="Executing migration" logger=migrator id="create org table v1"
t=2024-05-27T15:51:23-0500 lvl=info msg="Executing migration" logger=migrator id="create index UQE_org_name - v1"
t=2024-05-27T15:51:23-0500 lvl=info msg="Executing migration" logger=migrator id="create org_user table v1"
t=2024-05-27T15:51:23-0500 lvl=info msg="Executing migration" logger=migrator id="create index IDX_org_user_org_id - v1"
t=2024-05-27T15:51:23-0500 lvl=info msg="Executing migration" logger=migrator id="create index UQE_org_user_org_id_user_id - v1"
t=2024-05-27T15:51:23-0500 lvl=info msg="Executing migration" logger=migrator id="Update org table charset"
t=2024-05-27T15:51:23-0500 lvl=info msg="Executing migration" logger=migrator id="Update org_user table charset"
t=2024-05-27T15:51:23-0500 lvl=info msg="Executing migration" logger=migrator id="Migrate all Read Only Viewers to Viewers"
t=2024-05-27T15:51:23-0500 lvl=info msg="Executing migration" logger=migrator id="create dashboard table"
t=2024-05-27T15:51:23-0500 lvl=info msg="Executing migration" logger=migrator id="add index dashboard.account_id"
t=2024-05-27T15:51:23-0500 lvl=info msg="Executing migration" logger=migrator id="add unique index dashboard_account_id_slug"
t=2024-05-27T15:51:23-0500 lvl=info msg="Executing migration" logger=migrator id="create dashboard_tag table"
t=2024-05-27T15:51:23-0500 lvl=info msg="Executing migration" logger=migrator id="add unique index dashboard_tag.dasboard_id_term"
t=2024-05-27T15:51:23-0500 lvl=info msg="Executing migration" logger=migrator id="drop index UQE_dashboard_tag_dashboard_id_term - v1"
t=2024-05-27T15:51:23-0500 lvl=info msg="Executing migration" logger=migrator id="Rename table dashboard to dashboard_v1 - v1"
t=2024-05-27T15:51:23-0500 lvl=info msg="Executing migration" logger=migrator id="create dashboard v2"
t=2024-05-27T15:51:23-0500 lvl=info msg="Executing migration" logger=migrator id="create index IDX_dashboard_org_id - v2"
t=2024-05-27T15:51:23-0500 lvl=info msg="Executing migration" logger=migrator id="create index UQE_dashboard_org_id_slug - v2"
t=2024-05-27T15:51:23-0500 lvl=info msg="Executing migration" logger=migrator id="copy dashboard v1 to v2"
t=2024-05-27T15:51:23-0500 lvl=info msg="Executing migration" logger=migrator id="drop table dashboard_v1"
t=2024-05-27T15:51:23-0500 lvl=info msg="Executing migration" logger=migrator id="alter dashboard.data to mediumtext v1"
t=2024-05-27T15:51:23-0500 lvl=info msg="Executing migration" logger=migrator id="Add column updated_by in dashboard - v2"
t=2024-05-27T15:51:23-0500 lvl=info msg="Executing migration" logger=migrator id="Add column created_by in dashboard - v2"
t=2024-05-27T15:51:23-0500 lvl=info msg="Executing migration" logger=migrator id="Add column gnetId in dashboard"
t=2024-05-27T15:51:23-0500 lvl=info msg="Executing migration" logger=migrator id="Add index for gnetId in dashboard"
t=2024-05-27T15:51:23-0500 lvl=info msg="Executing migration" logger=migrator id="Add column plugin_id in dashboard"
t=2024-05-27T15:51:23-0500 lvl=info msg="Executing migration" logger=migrator id="Add index for plugin_id in dashboard"
t=2024-05-27T15:51:23-0500 lvl=info msg="Executing migration" logger=migrator id="Add index for dashboard_id in dashboard_tag"
t=2024-05-27T15:51:23-0500 lvl=info msg="Executing migration" logger=migrator id="Update dashboard table charset"
t=2024-05-27T15:51:23-0500 lvl=info msg="Executing migration" logger=migrator id="Update dashboard_tag table charset"
t=2024-05-27T15:51:23-0500 lvl=info msg="Executing migration" logger=migrator id="Add column folder_id in dashboard"
t=2024-05-27T15:51:23-0500 lvl=info msg="Executing migration" logger=migrator id="Add column isFolder in dashboard"
t=2024-05-27T15:51:23-0500 lvl=info msg="Executing migration" logger=migrator id="Add column has_acl in dashboard"
t=2024-05-27T15:51:23-0500 lvl=info msg="Executing migration" logger=migrator id="Add column uid in dashboard"
t=2024-05-27T15:51:23-0500 lvl=info msg="Executing migration" logger=migrator id="Update uid column values in dashboard"
t=2024-05-27T15:51:23-0500 lvl=info msg="Executing migration" logger=migrator id="Add unique index dashboard_org_id_uid"
t=2024-05-27T15:51:23-0500 lvl=info msg="Executing migration" logger=migrator id="Remove unique index org_id_slug"
t=2024-05-27T15:51:23-0500 lvl=info msg="Executing migration" logger=migrator id="Update dashboard title length"
t=2024-05-27T15:51:23-0500 lvl=info msg="Executing migration" logger=migrator id="Add unique index for dashboard_org_id_title_folder_id"
t=2024-05-27T15:51:23-0500 lvl=info msg="Executing migration" logger=migrator id="create dashboard_provisioning"
t=2024-05-27T15:51:23-0500 lvl=info msg="Executing migration" logger=migrator id="Rename table dashboard_provisioning to dashboard_provisioning_tmp_qwerty - v1"
t=2024-05-27T15:51:23-0500 lvl=info msg="Executing migration" logger=migrator id="create dashboard_provisioning v2"
t=2024-05-27T15:51:23-0500 lvl=info msg="Executing migration" logger=migrator id="create index IDX_dashboard_provisioning_dashboard_id - v2"
t=2024-05-27T15:51:23-0500 lvl=info msg="Executing migration" logger=migrator id="create index IDX_dashboard_provisioning_dashboard_id_name - v2"
t=2024-05-27T15:51:23-0500 lvl=info msg="Executing migration" logger=migrator id="copy dashboard_provisioning v1 to v2"
t=2024-05-27T15:51:23-0500 lvl=info msg="Executing migration" logger=migrator id="drop dashboard_provisioning_tmp_qwerty"
t=2024-05-27T15:51:23-0500 lvl=info msg="Executing migration" logger=migrator id="Add check_sum column"
t=2024-05-27T15:51:23-0500 lvl=info msg="Executing migration" logger=migrator id="Add index for dashboard_title"
t=2024-05-27T15:51:23-0500 lvl=info msg="Executing migration" logger=migrator id="delete tags for deleted dashboards"
t=2024-05-27T15:51:23-0500 lvl=info msg="Executing migration" logger=migrator id="delete stars for deleted dashboards"
t=2024-05-27T15:51:23-0500 lvl=info msg="Executing migration" logger=migrator id="create data_source table"
t=2024-05-27T15:51:23-0500 lvl=info msg="Executing migration" logger=migrator id="add index data_source.account_id"
t=2024-05-27T15:51:23-0500 lvl=info msg="Executing migration" logger=migrator id="add unique index data_source.account_id_name"
t=2024-05-27T15:51:23-0500 lvl=info msg="Executing migration" logger=migrator id="drop index IDX_data_source_account_id - v1"
t=2024-05-27T15:51:23-0500 lvl=info msg="Executing migration" logger=migrator id="drop index UQE_data_source_account_id_name - v1"
t=2024-05-27T15:51:23-0500 lvl=info msg="Executing migration" logger=migrator id="Rename table data_source to data_source_v1 - v1"
t=2024-05-27T15:51:23-0500 lvl=info msg="Executing migration" logger=migrator id="create data_source table v2"
t=2024-05-27T15:51:23-0500 lvl=info msg="Executing migration" logger=migrator id="create index IDX_data_source_org_id - v2"
t=2024-05-27T15:51:23-0500 lvl=info msg="Executing migration" logger=migrator id="create index UQE_data_source_org_id_name - v2"
t=2024-05-27T15:51:23-0500 lvl=info msg="Executing migration" logger=migrator id="copy data_source v1 to v2"
t=2024-05-27T15:51:23-0500 lvl=info msg="Executing migration" logger=migrator id="Drop old table data_source_v1 #2"
t=2024-05-27T15:51:23-0500 lvl=info msg="Executing migration" logger=migrator id="Add column with_credentials"
t=2024-05-27T15:51:23-0500 lvl=info msg="Executing migration" logger=migrator id="Add secure json data column"
t=2024-05-27T15:51:23-0500 lvl=info msg="Executing migration" logger=migrator id="Update data_source table charset"
t=2024-05-27T15:51:23-0500 lvl=info msg="Executing migration" logger=migrator id="Update initial version to 1"
t=2024-05-27T15:51:23-0500 lvl=info msg="Executing migration" logger=migrator id="Add read_only data column"
t=2024-05-27T15:51:23-0500 lvl=info msg="Executing migration" logger=migrator id="Migrate logging ds to loki ds"
t=2024-05-27T15:51:23-0500 lvl=info msg="Executing migration" logger=migrator id="Update json_data with nulls"
t=2024-05-27T15:51:23-0500 lvl=info msg="Executing migration" logger=migrator id="Add uid column"
t=2024-05-27T15:51:23-0500 lvl=info msg="Executing migration" logger=migrator id="Update uid value"
t=2024-05-27T15:51:23-0500 lvl=info msg="Executing migration" logger=migrator id="Add unique index datasource_org_id_uid"
t=2024-05-27T15:51:23-0500 lvl=info msg="Executing migration" logger=migrator id="add unique index datasource_org_id_is_default"
t=2024-05-27T15:51:23-0500 lvl=info msg="Executing migration" logger=migrator id="create api_key table"
t=2024-05-27T15:51:23-0500 lvl=info msg="Executing migration" logger=migrator id="add index api_key.account_id"
t=2024-05-27T15:51:23-0500 lvl=info msg="Executing migration" logger=migrator id="add index api_key.key"
t=2024-05-27T15:51:23-0500 lvl=info msg="Executing migration" logger=migrator id="add index api_key.account_id_name"
t=2024-05-27T15:51:23-0500 lvl=info msg="Executing migration" logger=migrator id="drop index IDX_api_key_account_id - v1"
t=2024-05-27T15:51:23-0500 lvl=info msg="Executing migration" logger=migrator id="drop index UQE_api_key_key - v1"
t=2024-05-27T15:51:23-0500 lvl=info msg="Executing migration" logger=migrator id="drop index UQE_api_key_account_id_name - v1"
t=2024-05-27T15:51:23-0500 lvl=info msg="Executing migration" logger=migrator id="Rename table api_key to api_key_v1 - v1"
t=2024-05-27T15:51:23-0500 lvl=info msg="Executing migration" logger=migrator id="create api_key table v2"
t=2024-05-27T15:51:23-0500 lvl=info msg="Executing migration" logger=migrator id="create index IDX_api_key_org_id - v2"
t=2024-05-27T15:51:23-0500 lvl=info msg="Executing migration" logger=migrator id="create index UQE_api_key_key - v2"
t=2024-05-27T15:51:23-0500 lvl=info msg="Executing migration" logger=migrator id="create index UQE_api_key_org_id_name - v2"
t=2024-05-27T15:51:23-0500 lvl=info msg="Executing migration" logger=migrator id="copy api_key v1 to v2"
t=2024-05-27T15:51:23-0500 lvl=info msg="Executing migration" logger=migrator id="Drop old table api_key_v1"
t=2024-05-27T15:51:23-0500 lvl=info msg="Executing migration" logger=migrator id="Update api_key table charset"
t=2024-05-27T15:51:23-0500 lvl=info msg="Executing migration" logger=migrator id="Add expires to api_key table"
t=2024-05-27T15:51:23-0500 lvl=info msg="Executing migration" logger=migrator id="create dashboard_snapshot table v4"
t=2024-05-27T15:51:23-0500 lvl=info msg="Executing migration" logger=migrator id="drop table dashboard_snapshot_v4 #1"
t=2024-05-27T15:51:23-0500 lvl=info msg="Executing migration" logger=migrator id="create dashboard_snapshot table v5 #2"
t=2024-05-27T15:51:23-0500 lvl=info msg="Executing migration" logger=migrator id="create index UQE_dashboard_snapshot_key - v5"
t=2024-05-27T15:51:23-0500 lvl=info msg="Executing migration" logger=migrator id="create index UQE_dashboard_snapshot_delete_key - v5"
t=2024-05-27T15:51:23-0500 lvl=info msg="Executing migration" logger=migrator id="create index IDX_dashboard_snapshot_user_id - v5"
t=2024-05-27T15:51:23-0500 lvl=info msg="Executing migration" logger=migrator id="alter dashboard_snapshot to mediumtext v2"
t=2024-05-27T15:51:23-0500 lvl=info msg="Executing migration" logger=migrator id="Update dashboard_snapshot table charset"
t=2024-05-27T15:51:23-0500 lvl=info msg="Executing migration" logger=migrator id="Add column external_delete_url to dashboard_snapshots table"
t=2024-05-27T15:51:23-0500 lvl=info msg="Executing migration" logger=migrator id="Add encrypted dashboard json column"
t=2024-05-27T15:51:23-0500 lvl=info msg="Executing migration" logger=migrator id="Change dashboard_encrypted column to MEDIUMBLOB"
t=2024-05-27T15:51:23-0500 lvl=info msg="Executing migration" logger=migrator id="create quota table v1"
t=2024-05-27T15:51:23-0500 lvl=info msg="Executing migration" logger=migrator id="create index UQE_quota_org_id_user_id_target - v1"
t=2024-05-27T15:51:23-0500 lvl=info msg="Executing migration" logger=migrator id="Update quota table charset"
t=2024-05-27T15:51:23-0500 lvl=info msg="Executing migration" logger=migrator id="create plugin_setting table"
t=2024-05-27T15:51:23-0500 lvl=info msg="Executing migration" logger=migrator id="create index UQE_plugin_setting_org_id_plugin_id - v1"
t=2024-05-27T15:51:23-0500 lvl=info msg="Executing migration" logger=migrator id="Add column plugin_version to plugin_settings"
t=2024-05-27T15:51:23-0500 lvl=info msg="Executing migration" logger=migrator id="Update plugin_setting table charset"
t=2024-05-27T15:51:23-0500 lvl=info msg="Executing migration" logger=migrator id="create session table"
t=2024-05-27T15:51:23-0500 lvl=info msg="Executing migration" logger=migrator id="Drop old table playlist table"
t=2024-05-27T15:51:23-0500 lvl=info msg="Executing migration" logger=migrator id="Drop old table playlist_item table"
t=2024-05-27T15:51:23-0500 lvl=info msg="Executing migration" logger=migrator id="create playlist table v2"
t=2024-05-27T15:51:23-0500 lvl=info msg="Executing migration" logger=migrator id="create playlist item table v2"
t=2024-05-27T15:51:23-0500 lvl=info msg="Executing migration" logger=migrator id="Update playlist table charset"
t=2024-05-27T15:51:23-0500 lvl=info msg="Executing migration" logger=migrator id="Update playlist_item table charset"
t=2024-05-27T15:51:23-0500 lvl=info msg="Executing migration" logger=migrator id="drop preferences table v2"
t=2024-05-27T15:51:23-0500 lvl=info msg="Executing migration" logger=migrator id="drop preferences table v3"
t=2024-05-27T15:51:23-0500 lvl=info msg="Executing migration" logger=migrator id="create preferences table v3"
t=2024-05-27T15:51:23-0500 lvl=info msg="Executing migration" logger=migrator id="Update preferences table charset"
t=2024-05-27T15:51:23-0500 lvl=info msg="Executing migration" logger=migrator id="Add column team_id in preferences"
t=2024-05-27T15:51:23-0500 lvl=info msg="Executing migration" logger=migrator id="Update team_id column values in preferences"
t=2024-05-27T15:51:23-0500 lvl=info msg="Executing migration" logger=migrator id="create alert table v1"
t=2024-05-27T15:51:23-0500 lvl=info msg="Executing migration" logger=migrator id="add index alert org_id & id "
t=2024-05-27T15:51:23-0500 lvl=info msg="Executing migration" logger=migrator id="add index alert state"
t=2024-05-27T15:51:23-0500 lvl=info msg="Executing migration" logger=migrator id="add index alert dashboard_id"
t=2024-05-27T15:51:23-0500 lvl=info msg="Executing migration" logger=migrator id="Create alert_rule_tag table v1"
t=2024-05-27T15:51:23-0500 lvl=info msg="Executing migration" logger=migrator id="Add unique index alert_rule_tag.alert_id_tag_id"
t=2024-05-27T15:51:23-0500 lvl=info msg="Executing migration" logger=migrator id="drop index UQE_alert_rule_tag_alert_id_tag_id - v1"
t=2024-05-27T15:51:23-0500 lvl=info msg="Executing migration" logger=migrator id="Rename table alert_rule_tag to alert_rule_tag_v1 - v1"
t=2024-05-27T15:51:23-0500 lvl=info msg="Executing migration" logger=migrator id="Create alert_rule_tag table v2"
t=2024-05-27T15:51:23-0500 lvl=info msg="Executing migration" logger=migrator id="create index UQE_alert_rule_tag_alert_id_tag_id - Add unique index alert_rule_tag.alert_id_tag_id V2"
t=2024-05-27T15:51:23-0500 lvl=info msg="Executing migration" logger=migrator id="copy alert_rule_tag v1 to v2"
t=2024-05-27T15:51:23-0500 lvl=info msg="Executing migration" logger=migrator id="drop table alert_rule_tag_v1"
t=2024-05-27T15:51:23-0500 lvl=info msg="Executing migration" logger=migrator id="create alert_notification table v1"
t=2024-05-27T15:51:23-0500 lvl=info msg="Executing migration" logger=migrator id="Add column is_default"
t=2024-05-27T15:51:23-0500 lvl=info msg="Executing migration" logger=migrator id="Add column frequency"
t=2024-05-27T15:51:23-0500 lvl=info msg="Executing migration" logger=migrator id="Add column send_reminder"
t=2024-05-27T15:51:23-0500 lvl=info msg="Executing migration" logger=migrator id="Add column disable_resolve_message"
t=2024-05-27T15:51:23-0500 lvl=info msg="Executing migration" logger=migrator id="add index alert_notification org_id & name"
t=2024-05-27T15:51:23-0500 lvl=info msg="Executing migration" logger=migrator id="Update alert table charset"
t=2024-05-27T15:51:23-0500 lvl=info msg="Executing migration" logger=migrator id="Update alert_notification table charset"
t=2024-05-27T15:51:23-0500 lvl=info msg="Executing migration" logger=migrator id="create notification_journal table v1"
t=2024-05-27T15:51:23-0500 lvl=info msg="Executing migration" logger=migrator id="add index notification_journal org_id & alert_id & notifier_id"
t=2024-05-27T15:51:23-0500 lvl=info msg="Executing migration" logger=migrator id="drop alert_notification_journal"
t=2024-05-27T15:51:23-0500 lvl=info msg="Executing migration" logger=migrator id="create alert_notification_state table v1"
t=2024-05-27T15:51:23-0500 lvl=info msg="Executing migration" logger=migrator id="add index alert_notification_state org_id & alert_id & notifier_id"
t=2024-05-27T15:51:23-0500 lvl=info msg="Executing migration" logger=migrator id="Add for to alert table"
t=2024-05-27T15:51:23-0500 lvl=info msg="Executing migration" logger=migrator id="Add column uid in alert_notification"
t=2024-05-27T15:51:23-0500 lvl=info msg="Executing migration" logger=migrator id="Update uid column values in alert_notification"
t=2024-05-27T15:51:23-0500 lvl=info msg="Executing migration" logger=migrator id="Add unique index alert_notification_org_id_uid"
t=2024-05-27T15:51:23-0500 lvl=info msg="Executing migration" logger=migrator id="Remove unique index org_id_name"
t=2024-05-27T15:51:23-0500 lvl=info msg="Executing migration" logger=migrator id="Add column secure_settings in alert_notification"
t=2024-05-27T15:51:23-0500 lvl=info msg="Executing migration" logger=migrator id="alter alert.settings to mediumtext"
t=2024-05-27T15:51:23-0500 lvl=info msg="Executing migration" logger=migrator id="Add non-unique index alert_notification_state_alert_id"
t=2024-05-27T15:51:23-0500 lvl=info msg="Executing migration" logger=migrator id="Add non-unique index alert_rule_tag_alert_id"
t=2024-05-27T15:51:23-0500 lvl=info msg="Executing migration" logger=migrator id="Drop old annotation table v4"
t=2024-05-27T15:51:23-0500 lvl=info msg="Executing migration" logger=migrator id="create annotation table v5"
t=2024-05-27T15:51:23-0500 lvl=info msg="Executing migration" logger=migrator id="add index annotation 0 v3"
t=2024-05-27T15:51:23-0500 lvl=info msg="Executing migration" logger=migrator id="add index annotation 1 v3"
t=2024-05-27T15:51:23-0500 lvl=info msg="Executing migration" logger=migrator id="add index annotation 2 v3"
t=2024-05-27T15:51:23-0500 lvl=info msg="Executing migration" logger=migrator id="add index annotation 3 v3"
t=2024-05-27T15:51:23-0500 lvl=info msg="Executing migration" logger=migrator id="add index annotation 4 v3"
t=2024-05-27T15:51:23-0500 lvl=info msg="Executing migration" logger=migrator id="Update annotation table charset"
t=2024-05-27T15:51:23-0500 lvl=info msg="Executing migration" logger=migrator id="Add column region_id to annotation table"
t=2024-05-27T15:51:23-0500 lvl=info msg="Executing migration" logger=migrator id="Drop category_id index"
t=2024-05-27T15:51:23-0500 lvl=info msg="Executing migration" logger=migrator id="Add column tags to annotation table"
t=2024-05-27T15:51:23-0500 lvl=info msg="Executing migration" logger=migrator id="Create annotation_tag table v2"
t=2024-05-27T15:51:23-0500 lvl=info msg="Executing migration" logger=migrator id="Add unique index annotation_tag.annotation_id_tag_id"
t=2024-05-27T15:51:23-0500 lvl=info msg="Executing migration" logger=migrator id="drop index UQE_annotation_tag_annotation_id_tag_id - v2"
t=2024-05-27T15:51:23-0500 lvl=info msg="Executing migration" logger=migrator id="Rename table annotation_tag to annotation_tag_v2 - v2"
t=2024-05-27T15:51:23-0500 lvl=info msg="Executing migration" logger=migrator id="Create annotation_tag table v3"
t=2024-05-27T15:51:23-0500 lvl=info msg="Executing migration" logger=migrator id="create index UQE_annotation_tag_annotation_id_tag_id - Add unique index annotation_tag.annotation_id_tag_id V3"
t=2024-05-27T15:51:23-0500 lvl=info msg="Executing migration" logger=migrator id="copy annotation_tag v2 to v3"
t=2024-05-27T15:51:23-0500 lvl=info msg="Executing migration" logger=migrator id="drop table annotation_tag_v2"
t=2024-05-27T15:51:23-0500 lvl=info msg="Executing migration" logger=migrator id="Update alert annotations and set TEXT to empty"
t=2024-05-27T15:51:23-0500 lvl=info msg="Executing migration" logger=migrator id="Add created time to annotation table"
t=2024-05-27T15:51:23-0500 lvl=info msg="Executing migration" logger=migrator id="Add updated time to annotation table"
t=2024-05-27T15:51:23-0500 lvl=info msg="Executing migration" logger=migrator id="Add index for created in annotation table"
t=2024-05-27T15:51:23-0500 lvl=info msg="Executing migration" logger=migrator id="Add index for updated in annotation table"
t=2024-05-27T15:51:23-0500 lvl=info msg="Executing migration" logger=migrator id="Convert existing annotations from seconds to milliseconds"
t=2024-05-27T15:51:23-0500 lvl=info msg="Executing migration" logger=migrator id="Add epoch_end column"
t=2024-05-27T15:51:23-0500 lvl=info msg="Executing migration" logger=migrator id="Add index for epoch_end"
t=2024-05-27T15:51:23-0500 lvl=info msg="Executing migration" logger=migrator id="Make epoch_end the same as epoch"
t=2024-05-27T15:51:23-0500 lvl=info msg="Executing migration" logger=migrator id="Move region to single row"
t=2024-05-27T15:51:23-0500 lvl=info msg="Executing migration" logger=migrator id="Remove index org_id_epoch from annotation table"
t=2024-05-27T15:51:23-0500 lvl=info msg="Executing migration" logger=migrator id="Remove index org_id_dashboard_id_panel_id_epoch from annotation table"
t=2024-05-27T15:51:23-0500 lvl=info msg="Executing migration" logger=migrator id="Add index for org_id_dashboard_id_epoch_end_epoch on annotation table"
t=2024-05-27T15:51:23-0500 lvl=info msg="Executing migration" logger=migrator id="Add index for org_id_epoch_end_epoch on annotation table"
t=2024-05-27T15:51:23-0500 lvl=info msg="Executing migration" logger=migrator id="Remove index org_id_epoch_epoch_end from annotation table"
t=2024-05-27T15:51:23-0500 lvl=info msg="Executing migration" logger=migrator id="Add index for alert_id on annotation table"
t=2024-05-27T15:51:23-0500 lvl=info msg="Executing migration" logger=migrator id="create test_data table"
t=2024-05-27T15:51:23-0500 lvl=info msg="Executing migration" logger=migrator id="create dashboard_version table v1"
t=2024-05-27T15:51:23-0500 lvl=info msg="Executing migration" logger=migrator id="add index dashboard_version.dashboard_id"
t=2024-05-27T15:51:23-0500 lvl=info msg="Executing migration" logger=migrator id="add unique index dashboard_version.dashboard_id and dashboard_version.version"
t=2024-05-27T15:51:23-0500 lvl=info msg="Executing migration" logger=migrator id="Set dashboard version to 1 where 0"
t=2024-05-27T15:51:23-0500 lvl=info msg="Executing migration" logger=migrator id="save existing dashboard data in dashboard_version table v1"
t=2024-05-27T15:51:23-0500 lvl=info msg="Executing migration" logger=migrator id="alter dashboard_version.data to mediumtext v1"
t=2024-05-27T15:51:23-0500 lvl=info msg="Executing migration" logger=migrator id="create team table"
t=2024-05-27T15:51:23-0500 lvl=info msg="Executing migration" logger=migrator id="add index team.org_id"
t=2024-05-27T15:51:23-0500 lvl=info msg="Executing migration" logger=migrator id="add unique index team_org_id_name"
t=2024-05-27T15:51:23-0500 lvl=info msg="Executing migration" logger=migrator id="create team member table"
t=2024-05-27T15:51:23-0500 lvl=info msg="Executing migration" logger=migrator id="add index team_member.org_id"
t=2024-05-27T15:51:23-0500 lvl=info msg="Executing migration" logger=migrator id="add unique index team_member_org_id_team_id_user_id"
t=2024-05-27T15:51:23-0500 lvl=info msg="Executing migration" logger=migrator id="add index team_member.team_id"
t=2024-05-27T15:51:23-0500 lvl=info msg="Executing migration" logger=migrator id="Add column email to team table"
t=2024-05-27T15:51:23-0500 lvl=info msg="Executing migration" logger=migrator id="Add column external to team_member table"
t=2024-05-27T15:51:23-0500 lvl=info msg="Executing migration" logger=migrator id="Add column permission to team_member table"
t=2024-05-27T15:51:23-0500 lvl=info msg="Executing migration" logger=migrator id="create dashboard acl table"
t=2024-05-27T15:51:23-0500 lvl=info msg="Executing migration" logger=migrator id="add index dashboard_acl_dashboard_id"
t=2024-05-27T15:51:23-0500 lvl=info msg="Executing migration" logger=migrator id="add unique index dashboard_acl_dashboard_id_user_id"
t=2024-05-27T15:51:23-0500 lvl=info msg="Executing migration" logger=migrator id="add unique index dashboard_acl_dashboard_id_team_id"
t=2024-05-27T15:51:23-0500 lvl=info msg="Executing migration" logger=migrator id="save default acl rules in dashboard_acl table"
t=2024-05-27T15:51:23-0500 lvl=info msg="Executing migration" logger=migrator id="delete acl rules for deleted dashboards and folders"
t=2024-05-27T15:51:23-0500 lvl=info msg="Executing migration" logger=migrator id="create tag table"
t=2024-05-27T15:51:23-0500 lvl=info msg="Executing migration" logger=migrator id="add index tag.key_value"
t=2024-05-27T15:51:23-0500 lvl=info msg="Executing migration" logger=migrator id="create login attempt table"
t=2024-05-27T15:51:23-0500 lvl=info msg="Executing migration" logger=migrator id="add index login_attempt.username"
t=2024-05-27T15:51:23-0500 lvl=info msg="Executing migration" logger=migrator id="drop index IDX_login_attempt_username - v1"
t=2024-05-27T15:51:23-0500 lvl=info msg="Executing migration" logger=migrator id="Rename table login_attempt to login_attempt_tmp_qwerty - v1"
t=2024-05-27T15:51:23-0500 lvl=info msg="Executing migration" logger=migrator id="create login_attempt v2"
t=2024-05-27T15:51:23-0500 lvl=info msg="Executing migration" logger=migrator id="create index IDX_login_attempt_username - v2"
t=2024-05-27T15:51:24-0500 lvl=info msg="Executing migration" logger=migrator id="copy login_attempt v1 to v2"
t=2024-05-27T15:51:24-0500 lvl=info msg="Executing migration" logger=migrator id="drop login_attempt_tmp_qwerty"
t=2024-05-27T15:51:24-0500 lvl=info msg="Executing migration" logger=migrator id="create user auth table"
t=2024-05-27T15:51:24-0500 lvl=info msg="Executing migration" logger=migrator id="create index IDX_user_auth_auth_module_auth_id - v1"
t=2024-05-27T15:51:24-0500 lvl=info msg="Executing migration" logger=migrator id="alter user_auth.auth_id to length 190"
t=2024-05-27T15:51:24-0500 lvl=info msg="Executing migration" logger=migrator id="Add OAuth access token to user_auth"
t=2024-05-27T15:51:24-0500 lvl=info msg="Executing migration" logger=migrator id="Add OAuth refresh token to user_auth"
t=2024-05-27T15:51:24-0500 lvl=info msg="Executing migration" logger=migrator id="Add OAuth token type to user_auth"
t=2024-05-27T15:51:24-0500 lvl=info msg="Executing migration" logger=migrator id="Add OAuth expiry to user_auth"
t=2024-05-27T15:51:24-0500 lvl=info msg="Executing migration" logger=migrator id="Add index to user_id column in user_auth"
t=2024-05-27T15:51:24-0500 lvl=info msg="Executing migration" logger=migrator id="create server_lock table"
t=2024-05-27T15:51:24-0500 lvl=info msg="Executing migration" logger=migrator id="add index server_lock.operation_uid"
t=2024-05-27T15:51:24-0500 lvl=info msg="Executing migration" logger=migrator id="create user auth token table"
t=2024-05-27T15:51:24-0500 lvl=info msg="Executing migration" logger=migrator id="add unique index user_auth_token.auth_token"
t=2024-05-27T15:51:24-0500 lvl=info msg="Executing migration" logger=migrator id="add unique index user_auth_token.prev_auth_token"
t=2024-05-27T15:51:24-0500 lvl=info msg="Executing migration" logger=migrator id="add index user_auth_token.user_id"
t=2024-05-27T15:51:24-0500 lvl=info msg="Executing migration" logger=migrator id="Add revoked_at to the user auth token"
t=2024-05-27T15:51:24-0500 lvl=info msg="Executing migration" logger=migrator id="create cache_data table"
t=2024-05-27T15:51:24-0500 lvl=info msg="Executing migration" logger=migrator id="add unique index cache_data.cache_key"
t=2024-05-27T15:51:24-0500 lvl=info msg="Executing migration" logger=migrator id="create short_url table v1"
t=2024-05-27T15:51:24-0500 lvl=info msg="Executing migration" logger=migrator id="add index short_url.org_id-uid"
t=2024-05-27T15:51:24-0500 lvl=info msg="migrations completed" logger=migrator performed=279 skipped=0 duration=974.4912ms
t=2024-05-27T15:51:24-0500 lvl=info msg="Created default admin" logger=sqlstore user=admin
t=2024-05-27T15:51:24-0500 lvl=info msg="Created default organization" logger=sqlstore
t=2024-05-27T15:51:24-0500 lvl=info msg="Starting plugin search" logger=plugins
t=2024-05-27T15:51:24-0500 lvl=info msg="Registering plugin" logger=plugins id=input
t=2024-05-27T15:51:24-0500 lvl=info msg="Registering plugin" logger=plugins id=grafana-simple-json-datasource
t=2024-05-27T15:51:24-0500 lvl=info msg="HTTP Server Listen" logger=http.server address=[::]:3000 protocol=http subUrl= socket=
t=2024-05-27T15:51:33-0500 lvl=info msg="Request Completed" logger=context userId=0 orgId=0 uname= method=GET path=/ status=302 remote_addr=[::1] time_ms=0 size=29 referer=
t=2024-05-27T15:51:37-0500 lvl=info msg="Successful Login" logger=http.server User=admin@localhost
t=2024-05-27T15:54:27-0500 lvl=info msg="Request Completed" logger=context userId=1 orgId=1 uname=admin method=GET path=/api/datasources/proxy/1/ status=404 remote_addr=[::1] time_ms=2 size=139 referer="http://localhost:3000/datasources/edit/1/?utm_source=grafana_gettingstarted"
t=2024-05-27T15:54:33-0500 lvl=info msg="Request Completed" logger=context userId=1 orgId=1 uname=admin method=GET path=/api/datasources/proxy/1/ status=404 remote_addr=[::1] time_ms=2 size=139 referer="http://localhost:3000/datasources/edit/1/?utm_source=grafana_gettingstarted"
t=2024-05-27T15:54:59-0500 lvl=info msg="Request Completed" logger=context userId=1 orgId=1 uname=admin method=GET path=/api/datasources/proxy/1/ status=404 remote_addr=[::1] time_ms=2 size=139 referer="http://localhost:3000/datasources/edit/1/?utm_source=grafana_gettingstarted"
t=2024-05-27T15:55:04-0500 lvl=info msg="Request Completed" logger=context userId=1 orgId=1 uname=admin method=GET path=/api/datasources/proxy/1/ status=404 remote_addr=[::1] time_ms=3 size=139 referer="http://localhost:3000/datasources/edit/1/?utm_source=grafana_gettingstarted"
t=2024-05-27T15:58:19-0500 lvl=info msg="Request Completed" logger=context userId=1 orgId=1 uname=admin method=GET path=/api/datasources/proxy/1/ status=404 remote_addr=[::1] time_ms=2 size=145 referer="http://localhost:3000/datasources/edit/1/?utm_source=grafana_gettingstarted"
t=2024-05-27T16:01:55-0500 lvl=info msg="Request Completed" logger=context userId=1 orgId=1 uname=admin method=GET path=/api/datasources/proxy/1/ status=404 remote_addr=[::1] time_ms=3 size=145 referer="http://localhost:3000/datasources/edit/1/?utm_source=grafana_gettingstarted"
t=2024-05-27T16:01:56-0500 lvl=info msg="Request Completed" logger=context userId=1 orgId=1 uname=admin method=GET path=/api/datasources/proxy/1/ status=404 remote_addr=[::1] time_ms=3 size=145 referer="http://localhost:3000/datasources/edit/1/?utm_source=grafana_gettingstarted"
t=2024-05-27T16:01:56-0500 lvl=info msg="Request Completed" logger=context userId=1 orgId=1 uname=admin method=GET path=/api/datasources/proxy/1/ status=404 remote_addr=[::1] time_ms=2 size=145 referer="http://localhost:3000/datasources/edit/1/?utm_source=grafana_gettingstarted"
t=2024-05-27T16:01:56-0500 lvl=info msg="Request Completed" logger=context userId=1 orgId=1 uname=admin method=GET path=/api/datasources/proxy/1/ status=404 remote_addr=[::1] time_ms=1 size=145 referer="http://localhost:3000/datasources/edit/1/?utm_source=grafana_gettingstarted"
t=2024-05-27T16:01:56-0500 lvl=info msg="Request Completed" logger=context userId=1 orgId=1 uname=admin method=GET path=/api/datasources/proxy/1/ status=404 remote_addr=[::1] time_ms=1 size=145 referer="http://localhost:3000/datasources/edit/1/?utm_source=grafana_gettingstarted"
t=2024-05-27T16:01:57-0500 lvl=info msg="Request Completed" logger=context userId=1 orgId=1 uname=admin method=GET path=/api/datasources/proxy/1/ status=404 remote_addr=[::1] time_ms=2 size=145 referer="http://localhost:3000/datasources/edit/1/?utm_source=grafana_gettingstarted"
t=2024-05-27T16:01:57-0500 lvl=info msg="Request Completed" logger=context userId=1 orgId=1 uname=admin method=GET path=/api/datasources/proxy/1/ status=404 remote_addr=[::1] time_ms=1 size=145 referer="http://localhost:3000/datasources/edit/1/?utm_source=grafana_gettingstarted"
t=2024-05-27T16:02:23-0500 lvl=eror msg="Request Completed" logger=context userId=1 orgId=1 uname=admin method=POST path=/api/datasources/proxy/1/search status=500 remote_addr=[::1] time_ms=13 size=74 referer="http://localhost:3000/dashboard/new?editPanel=2&orgId=1&utm_source=grafana_gettingstarted"
t=2024-05-27T16:04:30-0500 lvl=eror msg="Request Completed" logger=context userId=1 orgId=1 uname=admin method=POST path=/api/datasources/proxy/1/search status=500 remote_addr=[::1] time_ms=3 size=74 referer="http://localhost:3000/dashboard/new?editPanel=2&orgId=1&utm_source=grafana_gettingstarted"
t=2024-05-27T16:04:34-0500 lvl=eror msg="Request Completed" logger=context userId=1 orgId=1 uname=admin method=POST path=/api/datasources/proxy/1/search status=500 remote_addr=[::1] time_ms=1 size=74 referer="http://localhost:3000/dashboard/new?editPanel=2&orgId=1&utm_source=grafana_gettingstarted"
t=2024-05-27T16:04:37-0500 lvl=eror msg="Request Completed" logger=context userId=1 orgId=1 uname=admin method=POST path=/api/datasources/proxy/1/search status=500 remote_addr=[::1] time_ms=2 size=74 referer="http://localhost:3000/dashboard/new?editPanel=2&orgId=1&utm_source=grafana_gettingstarted"
t=2024-05-27T16:04:40-0500 lvl=eror msg="Request Completed" logger=context userId=1 orgId=1 uname=admin method=POST path=/api/datasources/proxy/1/search status=500 remote_addr=[::1] time_ms=1 size=74 referer="http://localhost:3000/dashboard/new?editPanel=2&orgId=1&utm_source=grafana_gettingstarted"
t=2024-05-27T16:10:37-0500 lvl=eror msg="Request Completed" logger=context userId=1 orgId=1 uname=admin method=POST path=/api/datasources/proxy/1/search status=500 remote_addr=[::1] time_ms=5 size=74 referer="http://localhost:3000/dashboard/new?editPanel=2&orgId=1&utm_source=grafana_gettingstarted"
t=2024-05-27T16:10:40-0500 lvl=eror msg="Request Completed" logger=context userId=1 orgId=1 uname=admin method=POST path=/api/datasources/proxy/1/search status=500 remote_addr=[::1] time_ms=4 size=74 referer="http://localhost:3000/dashboard/new?editPanel=2&orgId=1&utm_source=grafana_gettingstarted"
t=2024-05-27T16:11:20-0500 lvl=eror msg="Request Completed" logger=context userId=1 orgId=1 uname=admin method=POST path=/api/datasources/proxy/1/query status=500 remote_addr=[::1] time_ms=3 size=69 referer="http://localhost:3000/d/uTs1ERySz/new-dashboard-copy?orgId=1"
t=2024-05-27T16:11:59-0500 lvl=eror msg="Request Completed" logger=context userId=1 orgId=1 uname=admin method=POST path=/api/datasources/proxy/1/search status=500 remote_addr=[::1] time_ms=2 size=74 referer="http://localhost:3000/dashboard/new?orgId=1&utm_source=grafana_gettingstarted"
t=2024-05-27T16:12:14-0500 lvl=eror msg="Request Completed" logger=context userId=1 orgId=1 uname=admin method=POST path=/api/datasources/proxy/1/search status=500 remote_addr=[::1] time_ms=2 size=74 referer="http://localhost:3000/dashboard/new?editPanel=2&orgId=1&utm_source=grafana_gettingstarted"
t=2024-05-27T16:23:32-0500 lvl=info msg="Shutdown started" logger=server reason="System signal: terminated"
t=2024-05-27T17:01:39-0500 lvl=info msg="Starting Grafana" logger=server version=7.5.0 commit=b144fb1a9f branch=HEAD compiled=2021-03-25T05:13:32-0500
t=2024-05-27T17:01:39-0500 lvl=info msg="Config loaded from" logger=settings file=C:\\Users\\Santi\\Desktop\\ProyectoTIC\\ProyectoTI1\\grafana\\grafana-7.5.0/conf/defaults.ini
t=2024-05-27T17:01:39-0500 lvl=info msg="Path Home" logger=settings path=C:\\Users\\Santi\\Desktop\\ProyectoTIC\\ProyectoTI1\\grafana\\grafana-7.5.0
t=2024-05-27T17:01:39-0500 lvl=info msg="Path Data" logger=settings path=C:\\Users\\Santi\\Desktop\\ProyectoTIC\\ProyectoTI1\\grafana\\grafana-7.5.0\\data
t=2024-05-27T17:01:39-0500 lvl=info msg="Path Logs" logger=settings path=C:\\Users\\Santi\\Desktop\\ProyectoTIC\\ProyectoTI1\\grafana\\grafana-7.5.0\\data\\log
t=2024-05-27T17:01:39-0500 lvl=info msg="Path Plugins" logger=settings path=C:\\Users\\Santi\\Desktop\\ProyectoTIC\\ProyectoTI1\\grafana\\grafana-7.5.0\\data\\plugins
t=2024-05-27T17:01:39-0500 lvl=info msg="Path Provisioning" logger=settings path=C:\\Users\\Santi\\Desktop\\ProyectoTIC\\ProyectoTI1\\grafana\\grafana-7.5.0\\conf\\provisioning
t=2024-05-27T17:01:39-0500 lvl=info msg="App mode production" logger=settings
t=2024-05-27T17:01:39-0500 lvl=info msg="Connecting to DB" logger=sqlstore dbtype=sqlite3
t=2024-05-27T17:01:39-0500 lvl=warn msg="SQLite database file has broader permissions than it should" logger=sqlstore path=C:\\Users\\Santi\\Desktop\\ProyectoTIC\\ProyectoTI1\\grafana\\grafana-7.5.0\\data\\grafana.db mode=-rw-rw-rw- expected=-rw-r-----
t=2024-05-27T17:01:39-0500 lvl=info msg="Starting DB migrations" logger=migrator
t=2024-05-27T17:01:39-0500 lvl=info msg="migrations completed" logger=migrator performed=0 skipped=279 duration=0s
t=2024-05-27T17:01:39-0500 lvl=info msg="Starting plugin search" logger=plugins
t=2024-05-27T17:01:39-0500 lvl=info msg="Registering plugin" logger=plugins id=input
t=2024-05-27T17:01:40-0500 lvl=info msg="Registering plugin" logger=plugins id=grafana-simple-json-datasource
t=2024-05-27T17:01:40-0500 lvl=info msg="HTTP Server Listen" logger=http.server address=[::]:3000 protocol=http subUrl= socket=
t=2024-05-27T17:01:46-0500 lvl=eror msg="Data proxy error" logger=data-proxy-log userId=1 orgId=1 uname=admin path=/api/datasources/proxy/1/search remote_addr=[::1] referer="http://localhost:3000/dashboard/new?editPanel=2&inspect=23763571993&inspectTab=query&orgId=1&utm_source=grafana_gettingstarted" error="http: proxy error: dial tcp [::1]:3001: connectex: No connection could be made because the target machine actively refused it."
t=2024-05-27T17:01:46-0500 lvl=eror msg="Request Completed" logger=context userId=1 orgId=1 uname=admin method=POST path=/api/datasources/proxy/1/search status=502 remote_addr=[::1] time_ms=2324 size=0 referer="http://localhost:3000/dashboard/new?editPanel=2&inspect=23763571993&inspectTab=query&orgId=1&utm_source=grafana_gettingstarted"
t=2024-05-27T17:05:52-0500 lvl=info msg="Shutdown started" logger=server reason="System signal: terminated"
t=2024-05-27T17:19:11-0500 lvl=info msg="Starting Grafana" logger=server version=7.5.0 commit=b144fb1a9f branch=HEAD compiled=2021-03-25T05:13:32-0500
t=2024-05-27T17:19:11-0500 lvl=info msg="Config loaded from" logger=settings file=C:\\Users\\Santi\\Desktop\\ProyectoTIC\\ProyectoTI1\\grafana\\grafana-7.5.0/conf/defaults.ini
t=2024-05-27T17:19:11-0500 lvl=info msg="Path Home" logger=settings path=C:\\Users\\Santi\\Desktop\\ProyectoTIC\\ProyectoTI1\\grafana\\grafana-7.5.0
t=2024-05-27T17:19:11-0500 lvl=info msg="Path Data" logger=settings path=C:\\Users\\Santi\\Desktop\\ProyectoTIC\\ProyectoTI1\\grafana\\grafana-7.5.0\\data
t=2024-05-27T17:19:11-0500 lvl=info msg="Path Logs" logger=settings path=C:\\Users\\Santi\\Desktop\\ProyectoTIC\\ProyectoTI1\\grafana\\grafana-7.5.0\\data\\log
t=2024-05-27T17:19:11-0500 lvl=info msg="Path Plugins" logger=settings path=C:\\Users\\Santi\\Desktop\\ProyectoTIC\\ProyectoTI1\\grafana\\grafana-7.5.0\\data\\plugins
t=2024-05-27T17:19:11-0500 lvl=info msg="Path Provisioning" logger=settings path=C:\\Users\\Santi\\Desktop\\ProyectoTIC\\ProyectoTI1\\grafana\\grafana-7.5.0\\conf\\provisioning
t=2024-05-27T17:19:11-0500 lvl=info msg="App mode production" logger=settings
t=2024-05-27T17:19:11-0500 lvl=info msg="Connecting to DB" logger=sqlstore dbtype=sqlite3
t=2024-05-27T17:19:11-0500 lvl=warn msg="SQLite database file has broader permissions than it should" logger=sqlstore path=C:\\Users\\Santi\\Desktop\\ProyectoTIC\\ProyectoTI1\\grafana\\grafana-7.5.0\\data\\grafana.db mode=-rw-rw-rw- expected=-rw-r-----
t=2024-05-27T17:19:11-0500 lvl=info msg="Starting DB migrations" logger=migrator
t=2024-05-27T17:19:11-0500 lvl=info msg="migrations completed" logger=migrator performed=0 skipped=279 duration=513.3µs
t=2024-05-27T17:19:11-0500 lvl=info msg="Starting plugin search" logger=plugins
t=2024-05-27T17:19:11-0500 lvl=info msg="Registering plugin" logger=plugins id=input
t=2024-05-27T17:19:11-0500 lvl=info msg="Registering plugin" logger=plugins id=grafana-simple-json-datasource
t=2024-05-27T17:19:11-0500 lvl=info msg="HTTP Server Listen" logger=http.server address=[::]:3000 protocol=http subUrl= socket=
t=2024-05-27T17:20:21-0500 lvl=eror msg="Data proxy error" logger=data-proxy-log userId=1 orgId=1 uname=admin path=/api/datasources/proxy/1/ remote_addr=[::1] referer=http://localhost:3000/datasources/edit/1/ error="http: proxy error: dial tcp [::1]:3001: connectex: No connection could be made because the target machine actively refused it."
t=2024-05-27T17:20:21-0500 lvl=eror msg="Request Completed" logger=context userId=1 orgId=1 uname=admin method=GET path=/api/datasources/proxy/1/ status=502 remote_addr=[::1] time_ms=2323 size=0 referer=http://localhost:3000/datasources/edit/1/
t=2024-05-27T17:20:47-0500 lvl=info msg="Shutdown started" logger=server reason="System signal: interrupt"
t=2024-05-27T17:23:15-0500 lvl=info msg="Starting Grafana" logger=server version=7.5.0 commit=b144fb1a9f branch=HEAD compiled=2021-03-25T05:13:32-0500
t=2024-05-27T17:23:15-0500 lvl=info msg="Config loaded from" logger=settings file=C:\\Users\\Santi\\Desktop\\ProyectoTIC\\ProyectoTI1\\grafana\\grafana-7.5.0/conf/defaults.ini
t=2024-05-27T17:23:15-0500 lvl=info msg="Path Home" logger=settings path=C:\\Users\\Santi\\Desktop\\ProyectoTIC\\ProyectoTI1\\grafana\\grafana-7.5.0
t=2024-05-27T17:23:15-0500 lvl=info msg="Path Data" logger=settings path=C:\\Users\\Santi\\Desktop\\ProyectoTIC\\ProyectoTI1\\grafana\\grafana-7.5.0\\data
t=2024-05-27T17:23:15-0500 lvl=info msg="Path Logs" logger=settings path=C:\\Users\\Santi\\Desktop\\ProyectoTIC\\ProyectoTI1\\grafana\\grafana-7.5.0\\data\\log
t=2024-05-27T17:23:15-0500 lvl=info msg="Path Plugins" logger=settings path=C:\\Users\\Santi\\Desktop\\ProyectoTIC\\ProyectoTI1\\grafana\\grafana-7.5.0\\data\\plugins
t=2024-05-27T17:23:15-0500 lvl=info msg="Path Provisioning" logger=settings path=C:\\Users\\Santi\\Desktop\\ProyectoTIC\\ProyectoTI1\\grafana\\grafana-7.5.0\\conf\\provisioning
t=2024-05-27T17:23:15-0500 lvl=info msg="App mode production" logger=settings
t=2024-05-27T17:23:15-0500 lvl=info msg="Connecting to DB" logger=sqlstore dbtype=sqlite3
t=2024-05-27T17:23:15-0500 lvl=warn msg="SQLite database file has broader permissions than it should" logger=sqlstore path=C:\\Users\\Santi\\Desktop\\ProyectoTIC\\ProyectoTI1\\grafana\\grafana-7.5.0\\data\\grafana.db mode=-rw-rw-rw- expected=-rw-r-----
t=2024-05-27T17:23:15-0500 lvl=info msg="Starting DB migrations" logger=migrator
t=2024-05-27T17:23:15-0500 lvl=info msg="migrations completed" logger=migrator performed=0 skipped=279 duration=1.002ms
t=2024-05-27T17:23:15-0500 lvl=info msg="Starting plugin search" logger=plugins
t=2024-05-27T17:23:15-0500 lvl=info msg="Registering plugin" logger=plugins id=input
t=2024-05-27T17:23:15-0500 lvl=info msg="Registering plugin" logger=plugins id=grafana-simple-json-datasource
t=2024-05-27T17:23:15-0500 lvl=info msg="HTTP Server Listen" logger=http.server address=[::]:3000 protocol=http subUrl= socket=
t=2024-05-27T17:23:39-0500 lvl=info msg="Request Completed" logger=context userId=1 orgId=1 uname=admin method=POST path=/api/datasources/proxy/1/query status=404 remote_addr=[::1] time_ms=18 size=145 referer="http://localhost:3000/d/uTs1ERySz/new-dashboard-copy?orgId=1"
t=2024-05-27T17:23:49-0500 lvl=info msg="Request Completed" logger=context userId=1 orgId=1 uname=admin method=POST path=/api/datasources/proxy/1/query status=404 remote_addr=[::1] time_ms=2 size=145 referer="http://localhost:3000/d/uTs1ERySz/new-dashboard-copy?inspect=2&inspectTab=error&orgId=1"
t=2024-05-27T17:27:16-0500 lvl=info msg="Request Completed" logger=context userId=1 orgId=1 uname=admin method=POST path=/api/datasources/proxy/1/search status=404 remote_addr=[::1] time_ms=3 size=146 referer="http://localhost:3000/d/uTs1ERySz/new-dashboard-copy?editPanel=4&orgId=1"
t=2024-05-27T17:28:02-0500 lvl=info msg="Request Completed" logger=context userId=1 orgId=1 uname=admin method=POST path=/api/datasources/proxy/1/search status=404 remote_addr=[::1] time_ms=2 size=146 referer="http://localhost:3000/d/uTs1ERySz/new-dashboard-copy?editPanel=4&orgId=1"
t=2024-05-27T17:28:05-0500 lvl=info msg="Request Completed" logger=context userId=1 orgId=1 uname=admin method=POST path=/api/datasources/proxy/1/search status=404 remote_addr=[::1] time_ms=2 size=146 referer="http://localhost:3000/d/uTs1ERySz/new-dashboard-copy?editPanel=4&orgId=1"
t=2024-05-27T17:28:08-0500 lvl=info msg="Request Completed" logger=context userId=1 orgId=1 uname=admin method=POST path=/api/datasources/proxy/1/search status=404 remote_addr=[::1] time_ms=2 size=146 referer="http://localhost:3000/d/uTs1ERySz/new-dashboard-copy?editPanel=4&orgId=1"
t=2024-05-27T17:28:08-0500 lvl=info msg="Request Completed" logger=context userId=1 orgId=1 uname=admin method=POST path=/api/datasources/proxy/1/search status=404 remote_addr=[::1] time_ms=3 size=146 referer="http://localhost:3000/d/uTs1ERySz/new-dashboard-copy?editPanel=4&orgId=1"
t=2024-05-27T17:28:11-0500 lvl=info msg="Request Completed" logger=context userId=1 orgId=1 uname=admin method=POST path=/api/datasources/proxy/1/search status=404 remote_addr=[::1] time_ms=1 size=146 referer="http://localhost:3000/d/uTs1ERySz/new-dashboard-copy?editPanel=4&orgId=1"
t=2024-05-27T17:28:17-0500 lvl=info msg="Request Completed" logger=context userId=1 orgId=1 uname=admin method=POST path=/api/datasources/proxy/1/search status=404 remote_addr=[::1] time_ms=2 size=146 referer="http://localhost:3000/d/uTs1ERySz/new-dashboard-copy?editPanel=4&orgId=1"
t=2024-05-27T17:29:10-0500 lvl=info msg="Request Completed" logger=context userId=1 orgId=1 uname=admin method=POST path=/api/datasources/proxy/1/search status=404 remote_addr=[::1] time_ms=2 size=146 referer="http://localhost:3000/d/uTs1ERySz/new-dashboard-copy?orgId=1"
t=2024-05-27T17:33:35-0500 lvl=info msg="Shutdown started" logger=server reason="System signal: interrupt"
t=2024-05-27T17:33:40-0500 lvl=info msg="Starting Grafana" logger=server version=7.5.0 commit=b144fb1a9f branch=HEAD compiled=2021-03-25T05:13:32-0500
t=2024-05-27T17:33:40-0500 lvl=info msg="Config loaded from" logger=settings file=C:\\Users\\Santi\\Desktop\\ProyectoTIC\\ProyectoTI1\\grafana\\grafana-7.5.0/conf/defaults.ini
t=2024-05-27T17:33:40-0500 lvl=info msg="Path Home" logger=settings path=C:\\Users\\Santi\\Desktop\\ProyectoTIC\\ProyectoTI1\\grafana\\grafana-7.5.0
t=2024-05-27T17:33:40-0500 lvl=info msg="Path Data" logger=settings path=C:\\Users\\Santi\\Desktop\\ProyectoTIC\\ProyectoTI1\\grafana\\grafana-7.5.0\\data
t=2024-05-27T17:33:40-0500 lvl=info msg="Path Logs" logger=settings path=C:\\Users\\Santi\\Desktop\\ProyectoTIC\\ProyectoTI1\\grafana\\grafana-7.5.0\\data\\log
t=2024-05-27T17:33:40-0500 lvl=info msg="Path Plugins" logger=settings path=C:\\Users\\Santi\\Desktop\\ProyectoTIC\\ProyectoTI1\\grafana\\grafana-7.5.0\\data\\plugins
t=2024-05-27T17:33:40-0500 lvl=info msg="Path Provisioning" logger=settings path=C:\\Users\\Santi\\Desktop\\ProyectoTIC\\ProyectoTI1\\grafana\\grafana-7.5.0\\conf\\provisioning
t=2024-05-27T17:33:40-0500 lvl=info msg="App mode production" logger=settings
t=2024-05-27T17:33:40-0500 lvl=info msg="Connecting to DB" logger=sqlstore dbtype=sqlite3
t=2024-05-27T17:33:40-0500 lvl=warn msg="SQLite database file has broader permissions than it should" logger=sqlstore path=C:\\Users\\Santi\\Desktop\\ProyectoTIC\\ProyectoTI1\\grafana\\grafana-7.5.0\\data\\grafana.db mode=-rw-rw-rw- expected=-rw-r-----
t=2024-05-27T17:33:40-0500 lvl=info msg="Starting DB migrations" logger=migrator
t=2024-05-27T17:33:40-0500 lvl=info msg="migrations completed" logger=migrator performed=0 skipped=279 duration=0s
t=2024-05-27T17:33:40-0500 lvl=info msg="Starting plugin search" logger=plugins
t=2024-05-27T17:33:40-0500 lvl=info msg="Registering plugin" logger=plugins id=input
t=2024-05-27T17:33:40-0500 lvl=info msg="Registering plugin" logger=plugins id=grafana-simple-json-datasource
t=2024-05-27T17:33:40-0500 lvl=info msg="Registering plugin" logger=plugins id=marcusolsson-json-datasource
t=2024-05-27T17:33:40-0500 lvl=info msg="HTTP Server Listen" logger=http.server address=[::]:3000 protocol=http subUrl= socket=
t=2024-05-27T17:34:01-0500 lvl=info msg="Request Completed" logger=context userId=1 orgId=1 uname=admin method=GET path=/public/@emotion/css status=404 remote_addr=[::1] time_ms=2 size=36620 referer="http://localhost:3000/datasources/edit/3/?utm_source=grafana_gettingstarted"
t=2024-05-27T17:37:10-0500 lvl=info msg="Request Completed" logger=context userId=1 orgId=1 uname=admin method=DELETE path=/api/datasources/2 status=404 remote_addr=[::1] time_ms=0 size=35 referer=http://localhost:3000/datasources/edit/3/
t=2024-05-27T17:37:12-0500 lvl=info msg="Request Completed" logger=context userId=1 orgId=1 uname=admin method=DELETE path=/api/datasources/2 status=404 remote_addr=[::1] time_ms=0 size=35 referer=http://localhost:3000/datasources/edit/3/
t=2024-05-27T17:37:15-0500 lvl=info msg="Request Completed" logger=context userId=1 orgId=1 uname=admin method=DELETE path=/api/datasources/2 status=404 remote_addr=[::1] time_ms=1 size=35 referer=http://localhost:3000/datasources/edit/4/
t=2024-05-27T17:37:45-0500 lvl=info msg="Shutdown started" logger=server reason="System signal: interrupt"
t=2024-05-27T17:44:17-0500 lvl=info msg="Starting Grafana" logger=server version=7.5.0 commit=b144fb1a9f branch=HEAD compiled=2021-03-25T05:13:32-0500
t=2024-05-27T17:44:17-0500 lvl=info msg="Config loaded from" logger=settings file=C:\\Users\\Santi\\Desktop\\ProyectoTIC\\ProyectoTI1\\grafana\\grafana-7.5.0/conf/defaults.ini
t=2024-05-27T17:44:17-0500 lvl=info msg="Path Home" logger=settings path=C:\\Users\\Santi\\Desktop\\ProyectoTIC\\ProyectoTI1\\grafana\\grafana-7.5.0
t=2024-05-27T17:44:17-0500 lvl=info msg="Path Data" logger=settings path=C:\\Users\\Santi\\Desktop\\ProyectoTIC\\ProyectoTI1\\grafana\\grafana-7.5.0\\data
t=2024-05-27T17:44:17-0500 lvl=info msg="Path Logs" logger=settings path=C:\\Users\\Santi\\Desktop\\ProyectoTIC\\ProyectoTI1\\grafana\\grafana-7.5.0\\data\\log
t=2024-05-27T17:44:17-0500 lvl=info msg="Path Plugins" logger=settings path=C:\\Users\\Santi\\Desktop\\ProyectoTIC\\ProyectoTI1\\grafana\\grafana-7.5.0\\data\\plugins
t=2024-05-27T17:44:17-0500 lvl=info msg="Path Provisioning" logger=settings path=C:\\Users\\Santi\\Desktop\\ProyectoTIC\\ProyectoTI1\\grafana\\grafana-7.5.0\\conf\\provisioning
t=2024-05-27T17:44:17-0500 lvl=info msg="App mode production" logger=settings
t=2024-05-27T17:44:17-0500 lvl=info msg="Connecting to DB" logger=sqlstore dbtype=sqlite3
t=2024-05-27T17:44:17-0500 lvl=warn msg="SQLite database file has broader permissions than it should" logger=sqlstore path=C:\\Users\\Santi\\Desktop\\ProyectoTIC\\ProyectoTI1\\grafana\\grafana-7.5.0\\data\\grafana.db mode=-rw-rw-rw- expected=-rw-r-----
t=2024-05-27T17:44:17-0500 lvl=info msg="Starting DB migrations" logger=migrator
t=2024-05-27T17:44:17-0500 lvl=info msg="migrations completed" logger=migrator performed=0 skipped=279 duration=522.8µs
t=2024-05-27T17:44:17-0500 lvl=info msg="Starting plugin search" logger=plugins
t=2024-05-27T17:44:17-0500 lvl=info msg="Registering plugin" logger=plugins id=input
t=2024-05-27T17:44:18-0500 lvl=info msg="Registering plugin" logger=plugins id=grafana-simple-json-datasource
t=2024-05-27T17:44:18-0500 lvl=info msg="Registering plugin" logger=plugins id=marcusolsson-json-datasource
t=2024-05-27T17:44:18-0500 lvl=info msg="HTTP Server Listen" logger=http.server address=[::]:3000 protocol=http subUrl= socket=
t=2024-05-27T17:44:39-0500 lvl=info msg="Request Completed" logger=context userId=1 orgId=1 uname=admin method=GET path=/public/@emotion/css status=404 remote_addr=[::1] time_ms=2 size=39760 referer="http://localhost:3000/datasources/edit/6/?utm_source=grafana_gettingstarted"
t=2024-05-27T17:45:31-0500 lvl=info msg="Shutdown started" logger=server reason="System signal: interrupt"
t=2024-05-27T17:45:46-0500 lvl=info msg="Starting Grafana" logger=server version=7.5.0 commit=b144fb1a9f branch=HEAD compiled=2021-03-25T05:13:32-0500
t=2024-05-27T17:45:46-0500 lvl=info msg="Config loaded from" logger=settings file=C:\\Users\\Santi\\Desktop\\ProyectoTIC\\ProyectoTI1\\grafana\\grafana-7.5.0/conf/defaults.ini
t=2024-05-27T17:45:46-0500 lvl=info msg="Path Home" logger=settings path=C:\\Users\\Santi\\Desktop\\ProyectoTIC\\ProyectoTI1\\grafana\\grafana-7.5.0
t=2024-05-27T17:45:46-0500 lvl=info msg="Path Data" logger=settings path=C:\\Users\\Santi\\Desktop\\ProyectoTIC\\ProyectoTI1\\grafana\\grafana-7.5.0\\data
t=2024-05-27T17:45:46-0500 lvl=info msg="Path Logs" logger=settings path=C:\\Users\\Santi\\Desktop\\ProyectoTIC\\ProyectoTI1\\grafana\\grafana-7.5.0\\data\\log
t=2024-05-27T17:45:46-0500 lvl=info msg="Path Plugins" logger=settings path=C:\\Users\\Santi\\Desktop\\ProyectoTIC\\ProyectoTI1\\grafana\\grafana-7.5.0\\data\\plugins
t=2024-05-27T17:45:46-0500 lvl=info msg="Path Provisioning" logger=settings path=C:\\Users\\Santi\\Desktop\\ProyectoTIC\\ProyectoTI1\\grafana\\grafana-7.5.0\\conf\\provisioning
t=2024-05-27T17:45:46-0500 lvl=info msg="App mode production" logger=settings
t=2024-05-27T17:45:46-0500 lvl=info msg="Connecting to DB" logger=sqlstore dbtype=sqlite3
t=2024-05-27T17:45:46-0500 lvl=warn msg="SQLite database file has broader permissions than it should" logger=sqlstore path=C:\\Users\\Santi\\Desktop\\ProyectoTIC\\ProyectoTI1\\grafana\\grafana-7.5.0\\data\\grafana.db mode=-rw-rw-rw- expected=-rw-r-----
t=2024-05-27T17:45:46-0500 lvl=info msg="Starting DB migrations" logger=migrator
t=2024-05-27T17:45:46-0500 lvl=info msg="migrations completed" logger=migrator performed=0 skipped=279 duration=518.9µs
t=2024-05-27T17:45:46-0500 lvl=info msg="Starting plugin search" logger=plugins
t=2024-05-27T17:45:46-0500 lvl=info msg="Registering plugin" logger=plugins id=input
t=2024-05-27T17:45:46-0500 lvl=info msg="Registering plugin" logger=plugins id=grafana-simple-json-datasource
t=2024-05-27T17:45:46-0500 lvl=info msg="Registering plugin" logger=plugins id=marcusolsson-json-datasource
t=2024-05-27T17:45:46-0500 lvl=info msg="HTTP Server Listen" logger=http.server address=[::]:3000 protocol=http subUrl= socket=
t=2024-05-27T17:45:53-0500 lvl=info msg="Request Completed" logger=context userId=1 orgId=1 uname=admin method=GET path=/public/@emotion/css status=404 remote_addr=[::1] time_ms=2 size=39760 referer=http://localhost:3000/datasources/edit/3/
t=2024-05-27T17:45:55-0500 lvl=info msg="Request Completed" logger=context userId=1 orgId=1 uname=admin method=DELETE path=/api/datasources/undefined status=400 remote_addr=[::1] time_ms=0 size=41 referer=http://localhost:3000/datasources/edit/3/
t=2024-05-27T17:45:59-0500 lvl=info msg="Request Completed" logger=context userId=1 orgId=1 uname=admin method=DELETE path=/api/datasources/undefined status=400 remote_addr=[::1] time_ms=0 size=41 referer=http://localhost:3000/datasources/edit/4/
t=2024-05-27T17:48:20-0500 lvl=eror msg="Request Completed" logger=context userId=1 orgId=1 uname=admin method=POST path=/api/datasources/proxy/1/query status=500 remote_addr=[::1] time_ms=13 size=45 referer="http://localhost:3000/d/uTs1ERySz/new-dashboard-copy?orgId=1"
t=2024-05-27T17:48:23-0500 lvl=info msg="Request Completed" logger=context userId=1 orgId=1 uname=admin method=POST path=/api/datasources/proxy/1/search status=404 remote_addr=[::1] time_ms=2 size=146 referer="http://localhost:3000/d/uTs1ERySz/new-dashboard-copy?editPanel=4&orgId=1"
t=2024-05-27T17:48:50-0500 lvl=eror msg="Request Completed" logger=context userId=1 orgId=1 uname=admin method=POST path=/api/datasources/proxy/1/query status=500 remote_addr=[::1] time_ms=3 size=45 referer="http://localhost:3000/d/uTs1ERySz/new-dashboard-copy?inspect=23763571993&inspectTab=query&editPanel=4&orgId=1"
t=2024-05-27T17:48:55-0500 lvl=info msg="Request Completed" logger=context userId=1 orgId=1 uname=admin method=POST path=/api/datasources/proxy/1/search status=404 remote_addr=[::1] time_ms=0 size=146 referer="http://localhost:3000/d/uTs1ERySz/new-dashboard-copy?editPanel=4&orgId=1"
t=2024-05-27T17:53:33-0500 lvl=info msg="Request Completed" logger=context userId=1 orgId=1 uname=admin method=POST path=/api/datasources/proxy/1/search status=404 remote_addr=[::1] time_ms=3 size=146 referer="http://localhost:3000/d/uTs1ERySz/new-dashboard-copy?tab=transform&editPanel=4&orgId=1"
t=2024-05-27T17:53:35-0500 lvl=info msg="Request Completed" logger=context userId=1 orgId=1 uname=admin method=POST path=/api/datasources/proxy/1/search status=404 remote_addr=[::1] time_ms=2 size=146 referer="http://localhost:3000/d/uTs1ERySz/new-dashboard-copy?tab=query&editPanel=4&orgId=1"
t=2024-05-27T17:54:06-0500 lvl=info msg="Request Completed" logger=context userId=1 orgId=1 uname=admin method=POST path=/api/datasources/proxy/1/search status=404 remote_addr=[::1] time_ms=1 size=146 referer="http://localhost:3000/d/uTs1ERySz/new-dashboard-copy?orgId=1"
t=2024-05-27T17:54:17-0500 lvl=info msg="Request Completed" logger=context userId=1 orgId=1 uname=admin method=POST path=/api/datasources/proxy/1/search status=404 remote_addr=[::1] time_ms=2 size=146 referer="http://localhost:3000/d/uTs1ERySz/new-dashboard-copy?editPanel=4&orgId=1"
t=2024-05-27T17:54:31-0500 lvl=info msg="Request Completed" logger=context userId=1 orgId=1 uname=admin method=POST path=/api/datasources/proxy/1/search status=404 remote_addr=[::1] time_ms=3 size=146 referer="http://localhost:3000/d/uTs1ERySz/new-dashboard-copy?orgId=1"
t=2024-05-27T17:54:54-0500 lvl=info msg="Request Completed" logger=context userId=1 orgId=1 uname=admin method=POST path=/api/datasources/proxy/1/search status=404 remote_addr=[::1] time_ms=4 size=146 referer="http://localhost:3000/d/uTs1ERySz/new-dashboard-copy?orgId=1"
t=2024-05-27T17:54:57-0500 lvl=info msg="Request Completed" logger=context userId=1 orgId=1 uname=admin method=POST path=/api/datasources/proxy/1/search status=404 remote_addr=[::1] time_ms=3 size=146 referer="http://localhost:3000/d/uTs1ERySz/new-dashboard-copy?editPanel=4&orgId=1"
t=2024-05-27T17:55:26-0500 lvl=info msg="Request Completed" logger=context userId=1 orgId=1 uname=admin method=POST path=/api/datasources/proxy/1/search status=404 remote_addr=[::1] time_ms=50 size=146 referer="http://localhost:3000/d/uTs1ERySz/new-dashboard-copy?orgId=1"
t=2024-05-27T17:55:35-0500 lvl=info msg="Request Completed" logger=context userId=1 orgId=1 uname=admin method=POST path=/api/datasources/proxy/1/search status=404 remote_addr=[::1] time_ms=3 size=146 referer="http://localhost:3000/d/uTs1ERySz/new-dashboard-copy?orgId=1"
t=2024-05-27T17:55:45-0500 lvl=info msg="Request Completed" logger=context userId=1 orgId=1 uname=admin method=POST path=/api/datasources/proxy/1/search status=404 remote_addr=[::1] time_ms=2 size=146 referer="http://localhost:3000/d/uTs1ERySz/new-dashboard-copy?orgId=1"
t=2024-05-27T17:55:57-0500 lvl=info msg="Request Completed" logger=context userId=1 orgId=1 uname=admin method=POST path=/api/datasources/proxy/1/search status=404 remote_addr=[::1] time_ms=2 size=146 referer="http://localhost:3000/d/uTs1ERySz/new-dashboard-copy?editPanel=6&orgId=1"
t=2024-05-27T17:56:19-0500 lvl=info msg="Request Completed" logger=context userId=1 orgId=1 uname=admin method=POST path=/api/datasources/proxy/1/search status=404 remote_addr=[::1] time_ms=2 size=146 referer="http://localhost:3000/d/uTs1ERySz/new-dashboard-copy?orgId=1"
t=2024-05-27T17:56:43-0500 lvl=info msg="Request Completed" logger=context userId=1 orgId=1 uname=admin method=POST path=/api/datasources/proxy/1/search status=404 remote_addr=[::1] time_ms=1 size=146 referer="http://localhost:3000/d/uTs1ERySz/new-dashboard-copy?viewPanel=6&orgId=1"
t=2024-05-27T17:56:55-0500 lvl=info msg="Request Completed" logger=context userId=1 orgId=1 uname=admin method=POST path=/api/datasources/proxy/1/search status=404 remote_addr=[::1] time_ms=2 size=146 referer="http://localhost:3000/d/uTs1ERySz/new-dashboard-copy?viewPanel=6&orgId=1"
t=2024-05-27T17:57:14-0500 lvl=info msg="Request Completed" logger=context userId=1 orgId=1 uname=admin method=POST path=/api/datasources/proxy/1/search status=404 remote_addr=[::1] time_ms=2 size=146 referer="http://localhost:3000/d/uTs1ERySz/new-dashboard-copy?orgId=1"
t=2024-05-27T17:58:28-0500 lvl=info msg="Request Completed" logger=context userId=1 orgId=1 uname=admin method=POST path=/api/datasources/proxy/1/search status=404 remote_addr=[::1] time_ms=1 size=146 referer="http://localhost:3000/d/uTs1ERySz/new-dashboard-copy?from=1716796699740&to=1716883099740"
t=2024-05-27T18:07:30-0500 lvl=info msg="Request Completed" logger=context userId=1 orgId=1 uname=admin method=POST path=/api/datasources/proxy/1/search status=404 remote_addr=[::1] time_ms=47 size=146 referer="http://localhost:3000/d/uTs1ERySz/new-dashboard-copy?from=1716796699740&to=1716883099740"
t=2024-05-27T18:07:56-0500 lvl=eror msg="Request Completed" logger=context userId=1 orgId=1 uname=admin method=POST path=/api/datasources/proxy/1/query status=500 remote_addr=[::1] time_ms=8 size=47 referer="http://localhost:3000/d/uTs1ERySz/new-dashboard-copy?inspect=23763571993&inspectTab=query&editPanel=4&from=1716796699740&to=1716883099740"
t=2024-05-27T18:09:06-0500 lvl=eror msg="Request Completed" logger=context userId=1 orgId=1 uname=admin method=POST path=/api/datasources/proxy/1/query status=500 remote_addr=[::1] time_ms=6 size=47 referer="http://localhost:3000/d/uTs1ERySz/new-dashboard-copy?inspect=23763571993&inspectTab=query&editPanel=4&from=1716796699740&to=1716883099740"
t=2024-05-27T18:09:06-0500 lvl=info msg="Request Completed" logger=context userId=1 orgId=1 uname=admin method=POST path=/api/datasources/proxy/1/search status=404 remote_addr=[::1] time_ms=1 size=146 referer="http://localhost:3000/d/uTs1ERySz/new-dashboard-copy?inspect=23763571993&inspectTab=query&editPanel=4&from=1716796699740&to=1716883099740"
t=2024-05-27T18:10:34-0500 lvl=eror msg="Request Completed" logger=context userId=1 orgId=1 uname=admin method=POST path=/api/datasources/proxy/1/query status=500 remote_addr=[::1] time_ms=24 size=47 referer="http://localhost:3000/d/uTs1ERySz/new-dashboard-copy?inspect=1&inspectTab=query&editPanel=4&from=1716796699740&to=1716883099740"
t=2024-05-27T18:17:48-0500 lvl=eror msg="Request Completed" logger=context userId=1 orgId=1 uname=admin method=POST path=/api/datasources/proxy/1/query status=500 remote_addr=[::1] time_ms=8 size=47 referer="http://localhost:3000/d/uTs1ERySz/new-dashboard-copy?inspect=1&inspectTab=query&editPanel=4&from=1716796699740&to=1716883099740"
t=2024-05-27T18:18:56-0500 lvl=eror msg="Request Completed" logger=context userId=1 orgId=1 uname=admin method=POST path=/api/datasources/proxy/1/query status=500 remote_addr=[::1] time_ms=17 size=47 referer="http://localhost:3000/d/uTs1ERySz/new-dashboard-copy?inspect=1&inspectTab=query&editPanel=4&from=1716796699740&to=1716883099740"
t=2024-05-27T18:19:44-0500 lvl=eror msg="Request Completed" logger=context userId=1 orgId=1 uname=admin method=POST path=/api/datasources/proxy/1/query status=500 remote_addr=[::1] time_ms=4 size=47 referer="http://localhost:3000/d/uTs1ERySz/new-dashboard-copy?inspect=1&inspectTab=query&editPanel=4&from=1716796699740&to=1716883099740"
t=2024-05-27T18:19:51-0500 lvl=eror msg="Request Completed" logger=context userId=1 orgId=1 uname=admin method=POST path=/api/datasources/proxy/1/query status=500 remote_addr=[::1] time_ms=4 size=47 referer="http://localhost:3000/d/uTs1ERySz/new-dashboard-copy?inspect=1&inspectTab=query&editPanel=4&from=1716796699740&to=1716883099740"
t=2024-05-27T18:20:14-0500 lvl=eror msg="Request Completed" logger=context userId=1 orgId=1 uname=admin method=POST path=/api/datasources/proxy/1/query status=500 remote_addr=[::1] time_ms=4 size=47 referer="http://localhost:3000/d/uTs1ERySz/new-dashboard-copy?inspect=1&inspectTab=query&editPanel=4&from=1716796699740&to=1716883099740"
t=2024-05-27T18:22:49-0500 lvl=eror msg="Request Completed" logger=context userId=1 orgId=1 uname=admin method=POST path=/api/datasources/proxy/1/query status=500 remote_addr=[::1] time_ms=7 size=47 referer="http://localhost:3000/d/uTs1ERySz/new-dashboard-copy?inspect=1&inspectTab=query&editPanel=4&from=1716796699740&to=1716883099740"
t=2024-05-27T18:32:56-0500 lvl=eror msg="Request Completed" logger=context userId=1 orgId=1 uname=admin method=POST path=/api/datasources/proxy/1/query status=500 remote_addr=[::1] time_ms=8 size=47 referer="http://localhost:3000/d/uTs1ERySz/new-dashboard-copy?from=now%2Fy&to=now%2Fy&refresh=5s"
t=2024-05-27T18:33:01-0500 lvl=info msg="Request Completed" logger=context userId=1 orgId=1 uname=admin method=POST path=/api/datasources/proxy/1/search status=404 remote_addr=[::1] time_ms=4 size=146 referer="http://localhost:3000/d/uTs1ERySz/new-dashboard-copy?from=now%2Fy&to=now%2Fy&refresh=5s"
t=2024-05-27T18:34:40-0500 lvl=eror msg="Request Completed" logger=context userId=1 orgId=1 uname=admin method=POST path=/api/datasources/proxy/1/query status=500 remote_addr=[::1] time_ms=6 size=47 referer="http://localhost:3000/d/uTs1ERySz/new-dashboard-copy?from=now%2Fy&to=now%2Fy&refresh=5s"
t=2024-05-27T18:34:45-0500 lvl=eror msg="Request Completed" logger=context userId=1 orgId=1 uname=admin method=POST path=/api/datasources/proxy/1/query status=500 remote_addr=[::1] time_ms=11 size=47 referer="http://localhost:3000/d/uTs1ERySz/new-dashboard-copy?from=now%2Fy&to=now%2Fy&refresh=5s"
t=2024-05-27T18:34:50-0500 lvl=eror msg="Request Completed" logger=context userId=1 orgId=1 uname=admin method=POST path=/api/datasources/proxy/1/query status=500 remote_addr=[::1] time_ms=5 size=47 referer="http://localhost:3000/d/uTs1ERySz/new-dashboard-copy?from=now%2Fy&to=now%2Fy&refresh=5s"
t=2024-05-27T18:35:06-0500 lvl=info msg="Request Completed" logger=context userId=1 orgId=1 uname=admin method=POST path=/api/datasources/proxy/1/search status=404 remote_addr=[::1] time_ms=18 size=146 referer="http://localhost:3000/d/uTs1ERySz/new-dashboard-copy?from=now%2Fy&to=now%2Fy&refresh=5s"
t=2024-05-27T18:35:47-0500 lvl=info msg="Request Completed" logger=context userId=1 orgId=1 uname=admin method=POST path=/api/datasources/proxy/1/search status=404 remote_addr=[::1] time_ms=3 size=146 referer="http://localhost:3000/d/uTs1ERySz/new-dashboard-copy?editPanel=4&from=now%2Fy&to=now%2Fy&refresh=5s"
t=2024-05-27T18:35:50-0500 lvl=info msg="Request Completed" logger=context userId=1 orgId=1 uname=admin method=POST path=/api/datasources/proxy/1/search status=404 remote_addr=[::1] time_ms=1 size=146 referer="http://localhost:3000/d/uTs1ERySz/new-dashboard-copy?editPanel=4&from=now%2Fy&to=now%2Fy&refresh=5s"
t=2024-05-27T18:35:54-0500 lvl=info msg="Request Completed" logger=context userId=1 orgId=1 uname=admin method=POST path=/api/datasources/proxy/1/search status=404 remote_addr=[::1] time_ms=1 size=146 referer="http://localhost:3000/d/uTs1ERySz/new-dashboard-copy?editPanel=4&from=now%2Fy&to=now%2Fy&refresh=5s"
t=2024-05-27T18:36:00-0500 lvl=info msg="Request Completed" logger=context userId=1 orgId=1 uname=admin method=POST path=/api/datasources/proxy/1/search status=404 remote_addr=[::1] time_ms=3 size=146 referer="http://localhost:3000/d/uTs1ERySz/new-dashboard-copy?editPanel=4&from=now%2Fy&to=now%2Fy&refresh=5s"
t=2024-05-27T18:37:32-0500 lvl=info msg="Request Completed" logger=context userId=1 orgId=1 uname=admin method=POST path=/api/datasources/proxy/1/search status=404 remote_addr=[::1] time_ms=2 size=146 referer="http://localhost:3000/d/uTs1ERySz/new-dashboard-copy?editview=settings&editPanel=4&from=now%2Fy&to=now%2Fy&refresh=5s"
t=2024-05-27T18:38:19-0500 lvl=info msg="Request Completed" logger=context userId=1 orgId=1 uname=admin method=POST path=/api/datasources/proxy/1/search status=404 remote_addr=[::1] time_ms=7 size=146 referer="http://localhost:3000/d/uTs1ERySz/new-dashboard-copy?orgId=1&from=now%2Fy&to=now%2Fy&refresh=5s"
t=2024-05-27T18:39:05-0500 lvl=info msg="Request Completed" logger=context userId=1 orgId=1 uname=admin method=POST path=/api/datasources/proxy/1/search status=404 remote_addr=[::1] time_ms=3 size=146 referer="http://localhost:3000/d/uTs1ERySz/new-dashboard-copy?inspect=23763571993&inspectTab=query&editPanel=4&orgId=1&from=now%2Fy&to=now%2Fy&refresh=5s"
t=2024-05-27T18:40:26-0500 lvl=info msg="Request Completed" logger=context userId=1 orgId=1 uname=admin method=POST path=/api/datasources/proxy/1/search status=404 remote_addr=[::1] time_ms=2 size=146 referer="http://localhost:3000/d/uTs1ERySz/new-dashboard-copy?editPanel=4&orgId=1&from=now%2Fy&to=now%2Fy&refresh=5s"
t=2024-05-27T18:40:41-0500 lvl=info msg="Request Completed" logger=context userId=1 orgId=1 uname=admin method=POST path=/api/datasources/proxy/1/search status=404 remote_addr=[::1] time_ms=14 size=146 referer="http://localhost:3000/d/uTs1ERySz/new-dashboard-copy?orgId=1&from=now%2Fy&to=now%2Fy&refresh=5s"
t=2024-05-27T18:47:20-0500 lvl=info msg="Request Completed" logger=context userId=1 orgId=1 uname=admin method=POST path=/api/datasources/proxy/1/search status=404 remote_addr=[::1] time_ms=1 size=146 referer="http://localhost:3000/d/uTs1ERySz/new-dashboard-copy?orgId=1&from=now%2Fy&to=now%2Fy&refresh=5s"
t=2024-05-27T18:48:56-0500 lvl=info msg="Request Completed" logger=context userId=1 orgId=1 uname=admin method=POST path=/api/datasources/proxy/1/search status=404 remote_addr=[::1] time_ms=1 size=146 referer="http://localhost:3000/d/uTs1ERySz/new-dashboard-copy?orgId=1&from=now%2Fy&to=now%2Fy&refresh=5s"
t=2024-05-27T18:49:58-0500 lvl=eror msg="Data proxy error" logger=data-proxy-log userId=1 orgId=1 uname=admin path=/api/datasources/proxy/1/query remote_addr=[::1] referer="http://localhost:3000/d/uTs1ERySz/new-dashboard-copy?orgId=1&from=now%2Fy&to=now%2Fy&refresh=5s" error="http: proxy error: read tcp [::1]:57080->[::1]:3001: wsarecv: An existing connection was forcibly closed by the remote host."
t=2024-05-27T18:49:58-0500 lvl=eror msg="Request Completed" logger=context userId=1 orgId=1 uname=admin method=POST path=/api/datasources/proxy/1/query status=502 remote_addr=[::1] time_ms=1 size=0 referer="http://localhost:3000/d/uTs1ERySz/new-dashboard-copy?orgId=1&from=now%2Fy&to=now%2Fy&refresh=5s"
t=2024-05-27T18:50:46-0500 lvl=info msg="Request Completed" logger=context userId=1 orgId=1 uname=admin method=POST path=/api/datasources/proxy/1/search status=404 remote_addr=[::1] time_ms=2 size=146 referer="http://localhost:3000/d/uTs1ERySz/new-dashboard-copy?orgId=1&from=now%2Fy&to=now%2Fy&refresh=5s"
t=2024-05-27T18:50:58-0500 lvl=info msg="Request Completed" logger=context userId=1 orgId=1 uname=admin method=POST path=/api/datasources/proxy/1/search status=404 remote_addr=[::1] time_ms=2 size=146 referer="http://localhost:3000/d/uTs1ERySz/new-dashboard-copy?orgId=1&from=now%2Fy&to=now%2Fy&refresh=5s"
t=2024-05-27T18:51:12-0500 lvl=info msg="Request Completed" logger=context userId=1 orgId=1 uname=admin method=POST path=/api/datasources/proxy/1/search status=404 remote_addr=[::1] time_ms=2 size=146 referer="http://localhost:3000/d/uTs1ERySz/new-dashboard-copy?orgId=1&from=now%2Fy&to=now%2Fy&refresh=5s"
t=2024-05-27T18:51:40-0500 lvl=eror msg="Data proxy error" logger=data-proxy-log userId=1 orgId=1 uname=admin path=/api/datasources/proxy/1/query remote_addr=[::1] referer="http://localhost:3000/d/uTs1ERySz/new-dashboard-copy?orgId=1&from=now%2Fy&to=now%2Fy&refresh=5s" error="http: proxy error: read tcp [::1]:57137->[::1]:3001: wsarecv: An existing connection was forcibly closed by the remote host."
t=2024-05-27T18:51:40-0500 lvl=eror msg="Request Completed" logger=context userId=1 orgId=1 uname=admin method=POST path=/api/datasources/proxy/1/query status=502 remote_addr=[::1] time_ms=1 size=0 referer="http://localhost:3000/d/uTs1ERySz/new-dashboard-copy?orgId=1&from=now%2Fy&to=now%2Fy&refresh=5s"
t=2024-05-27T18:52:05-0500 lvl=eror msg="Data proxy error" logger=data-proxy-log userId=1 orgId=1 uname=admin path=/api/datasources/proxy/1/query remote_addr=[::1] referer="http://localhost:3000/d/uTs1ERySz/new-dashboard-copy?editview=settings" error="http: proxy error: read tcp [::1]:57149->[::1]:3001: wsarecv: An existing connection was forcibly closed by the remote host."
t=2024-05-27T18:52:05-0500 lvl=eror msg="Request Completed" logger=context userId=1 orgId=1 uname=admin method=POST path=/api/datasources/proxy/1/query status=502 remote_addr=[::1] time_ms=1 size=0 referer="http://localhost:3000/d/uTs1ERySz/new-dashboard-copy?editview=settings"
t=2024-05-27T18:52:26-0500 lvl=eror msg="Data proxy error" logger=data-proxy-log userId=1 orgId=1 uname=admin path=/api/datasources/proxy/1/query remote_addr=[::1] referer="http://localhost:3000/d/uTs1ERySz/calidad-aire?orgId=1&refresh=5s" error="http: proxy error: read tcp [::1]:57160->[::1]:3001: wsarecv: An existing connection was forcibly closed by the remote host."
t=2024-05-27T18:52:26-0500 lvl=eror msg="Request Completed" logger=context userId=1 orgId=1 uname=admin method=POST path=/api/datasources/proxy/1/query status=502 remote_addr=[::1] time_ms=1 size=0 referer="http://localhost:3000/d/uTs1ERySz/calidad-aire?orgId=1&refresh=5s"
t=2024-05-27T18:52:28-0500 lvl=info msg="Request Completed" logger=context userId=1 orgId=1 uname=admin method=POST path=/api/datasources/proxy/1/search status=404 remote_addr=[::1] time_ms=1 size=146 referer="http://localhost:3000/d/uTs1ERySz/calidad-aire?orgId=1&refresh=5s"
t=2024-05-27T18:52:45-0500 lvl=info msg="Request Completed" logger=context userId=1 orgId=1 uname=admin method=POST path=/api/datasources/proxy/1/search status=404 remote_addr=[::1] time_ms=2 size=146 referer="http://localhost:3000/d/uTs1ERySz/calidad-aire?orgId=1&refresh=5s"
t=2024-05-27T18:52:59-0500 lvl=info msg="Request Completed" logger=context userId=1 orgId=1 uname=admin method=POST path=/api/datasources/proxy/1/search status=404 remote_addr=[::1] time_ms=2 size=146 referer="http://localhost:3000/d/uTs1ERySz/calidad-aire?orgId=1&refresh=5s"
t=2024-05-27T18:53:13-0500 lvl=info msg="Request Completed" logger=context userId=1 orgId=1 uname=admin method=POST path=/api/datasources/proxy/1/search status=404 remote_addr=[::1] time_ms=1 size=146 referer="http://localhost:3000/d/uTs1ERySz/calidad-aire?orgId=1&refresh=5s"
t=2024-05-27T18:54:09-0500 lvl=eror msg="Data proxy error" logger=data-proxy-log userId=1 orgId=1 uname=admin path=/api/datasources/proxy/1/query remote_addr=[::1] referer="http://localhost:3000/d/uTs1ERySz/calidad-aire?orgId=1&refresh=5s" error="http: proxy error: read tcp [::1]:57247->[::1]:3001: wsarecv: An existing connection was forcibly closed by the remote host."
t=2024-05-27T18:54:09-0500 lvl=eror msg="Request Completed" logger=context userId=1 orgId=1 uname=admin method=POST path=/api/datasources/proxy/1/query status=502 remote_addr=[::1] time_ms=1 size=0 referer="http://localhost:3000/d/uTs1ERySz/calidad-aire?orgId=1&refresh=5s"
t=2024-05-27T18:54:24-0500 lvl=eror msg="Data proxy error" logger=data-proxy-log userId=1 orgId=1 uname=admin path=/api/datasources/proxy/1/query remote_addr=[::1] referer="http://localhost:3000/d/uTs1ERySz/calidad-aire?orgId=1&refresh=5s" error="http: proxy error: read tcp [::1]:57261->[::1]:3001: wsarecv: An existing connection was forcibly closed by the remote host."
t=2024-05-27T18:54:24-0500 lvl=eror msg="Request Completed" logger=context userId=1 orgId=1 uname=admin method=POST path=/api/datasources/proxy/1/query status=502 remote_addr=[::1] time_ms=1 size=0 referer="http://localhost:3000/d/uTs1ERySz/calidad-aire?orgId=1&refresh=5s"
t=2024-05-27T18:54:41-0500 lvl=eror msg="Data proxy error" logger=data-proxy-log userId=1 orgId=1 uname=admin path=/api/datasources/proxy/1/query remote_addr=[::1] referer="http://localhost:3000/d/uTs1ERySz/calidad-aire?orgId=1&refresh=5s" error="http: proxy error: dial tcp [::1]:3001: connectex: No connection could be made because the target machine actively refused it."
t=2024-05-27T18:54:41-0500 lvl=eror msg="Data proxy error" logger=data-proxy-log userId=1 orgId=1 uname=admin path=/api/datasources/proxy/1/query remote_addr=[::1] referer="http://localhost:3000/d/uTs1ERySz/calidad-aire?orgId=1&refresh=5s" error="http: proxy error: dial tcp [::1]:3001: connectex: No connection could be made because the target machine actively refused it."
t=2024-05-27T18:54:41-0500 lvl=eror msg="Data proxy error" logger=data-proxy-log userId=1 orgId=1 uname=admin path=/api/datasources/proxy/1/query remote_addr=[::1] referer="http://localhost:3000/d/uTs1ERySz/calidad-aire?orgId=1&refresh=5s" error="http: proxy error: dial tcp [::1]:3001: connectex: No connection could be made because the target machine actively refused it."
t=2024-05-27T18:54:41-0500 lvl=eror msg="Request Completed" logger=context userId=1 orgId=1 uname=admin method=POST path=/api/datasources/proxy/1/query status=502 remote_addr=[::1] time_ms=2336 size=0 referer="http://localhost:3000/d/uTs1ERySz/calidad-aire?orgId=1&refresh=5s"
t=2024-05-27T18:54:41-0500 lvl=eror msg="Request Completed" logger=context userId=1 orgId=1 uname=admin method=POST path=/api/datasources/proxy/1/query status=502 remote_addr=[::1] time_ms=2341 size=0 referer="http://localhost:3000/d/uTs1ERySz/calidad-aire?orgId=1&refresh=5s"
t=2024-05-27T18:54:41-0500 lvl=eror msg="Request Completed" logger=context userId=1 orgId=1 uname=admin method=POST path=/api/datasources/proxy/1/query status=502 remote_addr=[::1] time_ms=2339 size=0 referer="http://localhost:3000/d/uTs1ERySz/calidad-aire?orgId=1&refresh=5s"
t=2024-05-27T18:54:41-0500 lvl=eror msg="Data proxy error" logger=data-proxy-log userId=1 orgId=1 uname=admin path=/api/datasources/proxy/1/query remote_addr=[::1] referer="http://localhost:3000/d/uTs1ERySz/calidad-aire?orgId=1&refresh=5s" error="http: proxy error: dial tcp [::1]:3001: connectex: No connection could be made because the target machine actively refused it."
t=2024-05-27T18:54:41-0500 lvl=eror msg="Data proxy error" logger=data-proxy-log userId=1 orgId=1 uname=admin path=/api/datasources/proxy/1/query remote_addr=[::1] referer="http://localhost:3000/d/uTs1ERySz/calidad-aire?orgId=1&refresh=5s" error="http: proxy error: dial tcp [::1]:3001: connectex: No connection could be made because the target machine actively refused it."
t=2024-05-27T18:54:41-0500 lvl=eror msg="Request Completed" logger=context userId=1 orgId=1 uname=admin method=POST path=/api/datasources/proxy/1/query status=502 remote_addr=[::1] time_ms=2369 size=0 referer="http://localhost:3000/d/uTs1ERySz/calidad-aire?orgId=1&refresh=5s"
t=2024-05-27T18:54:41-0500 lvl=eror msg="Request Completed" logger=context userId=1 orgId=1 uname=admin method=POST path=/api/datasources/proxy/1/query status=502 remote_addr=[::1] time_ms=2370 size=0 referer="http://localhost:3000/d/uTs1ERySz/calidad-aire?orgId=1&refresh=5s"
t=2024-05-27T18:54:48-0500 lvl=eror msg="Data proxy error" logger=data-proxy-log userId=1 orgId=1 uname=admin path=/api/datasources/proxy/1/query remote_addr=[::1] referer="http://localhost:3000/d/uTs1ERySz/calidad-aire?orgId=1&refresh=5s" error="http: proxy error: dial tcp [::1]:3001: connectex: No connection could be made because the target machine actively refused it."
t=2024-05-27T18:54:48-0500 lvl=eror msg="Data proxy error" logger=data-proxy-log userId=1 orgId=1 uname=admin path=/api/datasources/proxy/1/query remote_addr=[::1] referer="http://localhost:3000/d/uTs1ERySz/calidad-aire?orgId=1&refresh=5s" error="http: proxy error: dial tcp [::1]:3001: connectex: No connection could be made because the target machine actively refused it."
t=2024-05-27T18:54:48-0500 lvl=eror msg="Data proxy error" logger=data-proxy-log userId=1 orgId=1 uname=admin path=/api/datasources/proxy/1/query remote_addr=[::1] referer="http://localhost:3000/d/uTs1ERySz/calidad-aire?orgId=1&refresh=5s" error="http: proxy error: dial tcp [::1]:3001: connectex: No connection could be made because the target machine actively refused it."
t=2024-05-27T18:54:48-0500 lvl=eror msg="Data proxy error" logger=data-proxy-log userId=1 orgId=1 uname=admin path=/api/datasources/proxy/1/query remote_addr=[::1] referer="http://localhost:3000/d/uTs1ERySz/calidad-aire?orgId=1&refresh=5s" error="http: proxy error: dial tcp [::1]:3001: connectex: No connection could be made because the target machine actively refused it."
t=2024-05-27T18:54:48-0500 lvl=eror msg="Request Completed" logger=context userId=1 orgId=1 uname=admin method=POST path=/api/datasources/proxy/1/query status=502 remote_addr=[::1] time_ms=2322 size=0 referer="http://localhost:3000/d/uTs1ERySz/calidad-aire?orgId=1&refresh=5s"
t=2024-05-27T18:54:48-0500 lvl=eror msg="Request Completed" logger=context userId=1 orgId=1 uname=admin method=POST path=/api/datasources/proxy/1/query status=502 remote_addr=[::1] time_ms=2322 size=0 referer="http://localhost:3000/d/uTs1ERySz/calidad-aire?orgId=1&refresh=5s"
t=2024-05-27T18:54:48-0500 lvl=eror msg="Request Completed" logger=context userId=1 orgId=1 uname=admin method=POST path=/api/datasources/proxy/1/query status=502 remote_addr=[::1] time_ms=2322 size=0 referer="http://localhost:3000/d/uTs1ERySz/calidad-aire?orgId=1&refresh=5s"
t=2024-05-27T18:54:48-0500 lvl=eror msg="Request Completed" logger=context userId=1 orgId=1 uname=admin method=POST path=/api/datasources/proxy/1/query status=502 remote_addr=[::1] time_ms=2323 size=0 referer="http://localhost:3000/d/uTs1ERySz/calidad-aire?orgId=1&refresh=5s"
t=2024-05-27T18:54:48-0500 lvl=eror msg="Data proxy error" logger=data-proxy-log userId=1 orgId=1 uname=admin path=/api/datasources/proxy/1/query remote_addr=[::1] referer="http://localhost:3000/d/uTs1ERySz/calidad-aire?orgId=1&refresh=5s" error="http: proxy error: dial tcp [::1]:3001: connectex: No connection could be made because the target machine actively refused it."
t=2024-05-27T18:54:48-0500 lvl=eror msg="Request Completed" logger=context userId=1 orgId=1 uname=admin method=POST path=/api/datasources/proxy/1/query status=502 remote_addr=[::1] time_ms=2355 size=0 referer="http://localhost:3000/d/uTs1ERySz/calidad-aire?orgId=1&refresh=5s"
t=2024-05-27T18:56:45-0500 lvl=info msg="Request Completed" logger=context userId=0 orgId=0 uname= method=GET path=/d-solo/Hvo2RPEIk/new-dashboard-copy status=302 remote_addr=[::1] time_ms=0 size=29 referer=http://127.0.0.1:5500/
t=2024-05-27T18:56:45-0500 lvl=info msg="Request Completed" logger=context userId=0 orgId=0 uname= method=GET path=/d-solo/Hvo2RPEIk/new-dashboard-copy status=302 remote_addr=[::1] time_ms=0 size=29 referer=http://127.0.0.1:5500/
t=2024-05-27T18:56:45-0500 lvl=info msg="Request Completed" logger=context userId=0 orgId=0 uname= method=GET path=/d-solo/Hvo2RPEIk/new-dashboard-copy status=302 remote_addr=[::1] time_ms=0 size=29 referer=http://127.0.0.1:5500/
t=2024-05-27T18:56:45-0500 lvl=info msg="Request Completed" logger=context userId=0 orgId=0 uname= method=GET path=/d-solo/Hvo2RPEIk/new-dashboard-copy status=302 remote_addr=[::1] time_ms=0 size=29 referer=http://127.0.0.1:5500/
t=2024-05-27T18:57:42-0500 lvl=info msg="Request Completed" logger=context userId=0 orgId=0 uname= method=GET path=/d-solo/uTs1ERySz/calidad-aire status=302 remote_addr=[::1] time_ms=0 size=29 referer=http://127.0.0.1:5500/
t=2024-05-27T18:57:42-0500 lvl=info msg="Request Completed" logger=context userId=0 orgId=0 uname= method=GET path=/d-solo/Hvo2RPEIk/new-dashboard-copy status=302 remote_addr=[::1] time_ms=0 size=29 referer=http://127.0.0.1:5500/
t=2024-05-27T18:57:42-0500 lvl=info msg="Request Completed" logger=context userId=0 orgId=0 uname= method=GET path=/d-solo/Hvo2RPEIk/new-dashboard-copy status=302 remote_addr=[::1] time_ms=0 size=29 referer=http://127.0.0.1:5500/
t=2024-05-27T18:57:42-0500 lvl=info msg="Request Completed" logger=context userId=0 orgId=0 uname= method=GET path=/d-solo/Hvo2RPEIk/new-dashboard-copy status=302 remote_addr=[::1] time_ms=0 size=29 referer=http://127.0.0.1:5500/
t=2024-05-27T18:57:45-0500 lvl=info msg="Request Completed" logger=context userId=0 orgId=0 uname= method=GET path=/d-solo/uTs1ERySz/calidad-aire status=302 remote_addr=[::1] time_ms=0 size=29 referer=http://127.0.0.1:5500/
t=2024-05-27T18:57:45-0500 lvl=info msg="Request Completed" logger=context userId=0 orgId=0 uname= method=GET path=/d-solo/Hvo2RPEIk/new-dashboard-copy status=302 remote_addr=[::1] time_ms=0 size=29 referer=http://127.0.0.1:5500/
t=2024-05-27T18:57:45-0500 lvl=info msg="Request Completed" logger=context userId=0 orgId=0 uname= method=GET path=/d-solo/Hvo2RPEIk/new-dashboard-copy status=302 remote_addr=[::1] time_ms=0 size=29 referer=http://127.0.0.1:5500/
t=2024-05-27T18:57:45-0500 lvl=info msg="Request Completed" logger=context userId=0 orgId=0 uname= method=GET path=/d-solo/Hvo2RPEIk/new-dashboard-copy status=302 remote_addr=[::1] time_ms=0 size=29 referer=http://127.0.0.1:5500/
t=2024-05-27T18:58:00-0500 lvl=info msg="Request Completed" logger=context userId=0 orgId=0 uname= method=GET path=/d-solo/uTs1ERySz/calidad-aire status=302 remote_addr=[::1] time_ms=0 size=29 referer=http://127.0.0.1:5500/
t=2024-05-27T18:58:00-0500 lvl=info msg="Request Completed" logger=context userId=0 orgId=0 uname= method=GET path=/d-solo/Hvo2RPEIk/new-dashboard-copy status=302 remote_addr=[::1] time_ms=0 size=29 referer=http://127.0.0.1:5500/
t=2024-05-27T18:58:00-0500 lvl=info msg="Request Completed" logger=context userId=0 orgId=0 uname= method=GET path=/d-solo/Hvo2RPEIk/new-dashboard-copy status=302 remote_addr=[::1] time_ms=0 size=29 referer=http://127.0.0.1:5500/
t=2024-05-27T18:58:00-0500 lvl=info msg="Request Completed" logger=context userId=0 orgId=0 uname= method=GET path=/d-solo/Hvo2RPEIk/new-dashboard-copy status=302 remote_addr=[::1] time_ms=0 size=29 referer=http://127.0.0.1:5500/
t=2024-05-27T18:58:06-0500 lvl=info msg="Request Completed" logger=context userId=0 orgId=0 uname= method=GET path=/d-solo/uTs1ERySz/calidad-aire status=302 remote_addr=[::1] time_ms=0 size=29 referer=http://127.0.0.1:5500/
t=2024-05-27T18:58:06-0500 lvl=info msg="Request Completed" logger=context userId=0 orgId=0 uname= method=GET path=/d-solo/Hvo2RPEIk/new-dashboard-copy status=302 remote_addr=[::1] time_ms=0 size=29 referer=http://127.0.0.1:5500/
t=2024-05-27T18:58:06-0500 lvl=info msg="Request Completed" logger=context userId=0 orgId=0 uname= method=GET path=/d-solo/Hvo2RPEIk/new-dashboard-copy status=302 remote_addr=[::1] time_ms=0 size=29 referer=http://127.0.0.1:5500/
t=2024-05-27T18:58:06-0500 lvl=info msg="Request Completed" logger=context userId=0 orgId=0 uname= method=GET path=/d-solo/Hvo2RPEIk/new-dashboard-copy status=302 remote_addr=[::1] time_ms=0 size=29 referer=http://127.0.0.1:5500/
t=2024-05-27T18:58:26-0500 lvl=info msg="Request Completed" logger=context userId=0 orgId=0 uname= method=GET path=/d-solo/uTs1ERySz/calidad-aire status=302 remote_addr=[::1] time_ms=0 size=29 referer=http://127.0.0.1:5500/
t=2024-05-27T18:58:26-0500 lvl=info msg="Request Completed" logger=context userId=0 orgId=0 uname= method=GET path=/d-solo/Hvo2RPEIk/new-dashboard-copy status=302 remote_addr=[::1] time_ms=0 size=29 referer=http://127.0.0.1:5500/
t=2024-05-27T18:58:26-0500 lvl=info msg="Request Completed" logger=context userId=0 orgId=0 uname= method=GET path=/d-solo/Hvo2RPEIk/new-dashboard-copy status=302 remote_addr=[::1] time_ms=0 size=29 referer=http://127.0.0.1:5500/
t=2024-05-27T18:58:26-0500 lvl=info msg="Request Completed" logger=context userId=0 orgId=0 uname= method=GET path=/d-solo/Hvo2RPEIk/new-dashboard-copy status=302 remote_addr=[::1] time_ms=0 size=29 referer=http://127.0.0.1:5500/
t=2024-05-27T18:58:34-0500 lvl=info msg="Request Completed" logger=context userId=0 orgId=0 uname= method=GET path=/d-solo/uTs1ERySz/calidad-aire status=302 remote_addr=[::1] time_ms=0 size=29 referer=http://127.0.0.1:5500/
t=2024-05-27T18:58:34-0500 lvl=info msg="Request Completed" logger=context userId=0 orgId=0 uname= method=GET path=/d-solo/Hvo2RPEIk/new-dashboard-copy status=302 remote_addr=[::1] time_ms=0 size=29 referer=http://127.0.0.1:5500/
t=2024-05-27T18:58:34-0500 lvl=info msg="Request Completed" logger=context userId=0 orgId=0 uname= method=GET path=/d-solo/Hvo2RPEIk/new-dashboard-copy status=302 remote_addr=[::1] time_ms=0 size=29 referer=http://127.0.0.1:5500/
t=2024-05-27T18:58:34-0500 lvl=info msg="Request Completed" logger=context userId=0 orgId=0 uname= method=GET path=/d-solo/Hvo2RPEIk/new-dashboard-copy status=302 remote_addr=[::1] time_ms=0 size=29 referer=http://127.0.0.1:5500/
t=2024-05-27T18:59:08-0500 lvl=info msg="Request Completed" logger=context userId=0 orgId=0 uname= method=GET path=/d-solo/uTs1ERySz/calidad-aire status=302 remote_addr=[::1] time_ms=0 size=29 referer=http://127.0.0.1:5500/
t=2024-05-27T18:59:08-0500 lvl=info msg="Request Completed" logger=context userId=0 orgId=0 uname= method=GET path=/d-solo/Hvo2RPEIk/new-dashboard-copy status=302 remote_addr=[::1] time_ms=0 size=29 referer=http://127.0.0.1:5500/
t=2024-05-27T18:59:08-0500 lvl=info msg="Request Completed" logger=context userId=0 orgId=0 uname= method=GET path=/d-solo/Hvo2RPEIk/new-dashboard-copy status=302 remote_addr=[::1] time_ms=0 size=29 referer=http://127.0.0.1:5500/
t=2024-05-27T18:59:08-0500 lvl=info msg="Request Completed" logger=context userId=0 orgId=0 uname= method=GET path=/d-solo/Hvo2RPEIk/new-dashboard-copy status=302 remote_addr=[::1] time_ms=0 size=29 referer=http://127.0.0.1:5500/
t=2024-05-27T18:59:13-0500 lvl=info msg="Request Completed" logger=context userId=0 orgId=0 uname= method=GET path=/d-solo/uTs1ERySz/calidad-aire status=302 remote_addr=[::1] time_ms=0 size=29 referer=http://127.0.0.1:5500/
t=2024-05-27T18:59:13-0500 lvl=info msg="Request Completed" logger=context userId=0 orgId=0 uname= method=GET path=/d-solo/Hvo2RPEIk/new-dashboard-copy status=302 remote_addr=[::1] time_ms=0 size=29 referer=http://127.0.0.1:5500/
t=2024-05-27T18:59:13-0500 lvl=info msg="Request Completed" logger=context userId=0 orgId=0 uname= method=GET path=/d-solo/Hvo2RPEIk/new-dashboard-copy status=302 remote_addr=[::1] time_ms=0 size=29 referer=http://127.0.0.1:5500/
t=2024-05-27T18:59:13-0500 lvl=info msg="Request Completed" logger=context userId=0 orgId=0 uname= method=GET path=/d-solo/Hvo2RPEIk/new-dashboard-copy status=302 remote_addr=[::1] time_ms=0 size=29 referer=http://127.0.0.1:5500/
t=2024-05-27T18:59:28-0500 lvl=eror msg="Data proxy error" logger=data-proxy-log userId=1 orgId=1 uname=admin path=/api/datasources/proxy/1/query remote_addr=[::1] referer="http://localhost:3000/d/uTs1ERySz/calidad-aire?orgId=1&refresh=5s" error="http: proxy error: read tcp [::1]:57702->[::1]:3001: wsarecv: An existing connection was forcibly closed by the remote host."
t=2024-05-27T18:59:28-0500 lvl=eror msg="Request Completed" logger=context userId=1 orgId=1 uname=admin method=POST path=/api/datasources/proxy/1/query status=502 remote_addr=[::1] time_ms=1 size=0 referer="http://localhost:3000/d/uTs1ERySz/calidad-aire?orgId=1&refresh=5s"
t=2024-05-27T19:00:09-0500 lvl=info msg="Request Completed" logger=context userId=0 orgId=0 uname= method=GET path=/d-solo/uTs1ERySz/calidad-aire status=302 remote_addr=[::1] time_ms=0 size=29 referer=http://127.0.0.1:5500/
t=2024-05-27T19:00:09-0500 lvl=info msg="Request Completed" logger=context userId=0 orgId=0 uname= method=GET path=/d-solo/Hvo2RPEIk/new-dashboard-copy status=302 remote_addr=[::1] time_ms=0 size=29 referer=http://127.0.0.1:5500/
t=2024-05-27T19:00:09-0500 lvl=info msg="Request Completed" logger=context userId=0 orgId=0 uname= method=GET path=/d-solo/Hvo2RPEIk/new-dashboard-copy status=302 remote_addr=[::1] time_ms=0 size=29 referer=http://127.0.0.1:5500/
t=2024-05-27T19:00:09-0500 lvl=info msg="Request Completed" logger=context userId=0 orgId=0 uname= method=GET path=/d-solo/Hvo2RPEIk/new-dashboard-copy status=302 remote_addr=[::1] time_ms=0 size=29 referer=http://127.0.0.1:5500/
t=2024-05-27T19:01:12-0500 lvl=info msg="Shutdown started" logger=server reason="System signal: interrupt"
